#
# There is insufficient memory for the Java Runtime Environment to continue.
# Native memory allocation (malloc) failed to allocate 1346096 bytes for Chunk::new
# Possible reasons:
#   The system is out of physical RAM or swap space
#   The process is running with CompressedOops enabled, and the Java Heap may be blocking the growth of the native heap
# Possible solutions:
#   Reduce memory load on the system
#   Increase physical memory or swap space
#   Check if swap backing store is full
#   Decrease Java heap size (-Xmx/-Xms)
#   Decrease number of Java threads
#   Decrease Java thread stack sizes (-Xss)
#   Set larger code cache with -XX:ReservedCodeCacheSize=
#   JVM is running with Unscaled Compressed Oops mode in which the Java heap is
#     placed in the first 4GB address space. The Java Heap base address is the
#     maximum limit for the native heap growth. Please use -XX:HeapBaseMinAddress
#     to set the Java Heap base and to place the Java Heap above 4GB virtual address.
# This output file may be truncated or incomplete.
#
#  Out of Memory Error (./src/hotspot/share/memory/arena.cpp:197), pid=9444, tid=11516
#
# JRE version: OpenJDK Runtime Environment 18.9 (11.0.16+8) (build 11.0.16+8)
# Java VM: OpenJDK 64-Bit Server VM 18.9 (11.0.16+8, mixed mode, tiered, compressed oops, g1 gc, windows-amd64)
# No core dump will be written. Minidumps are not enabled by default on client versions of Windows
#

---------------  S U M M A R Y ------------

Command Line: --add-opens=java.base/java.util=ALL-UNNAMED --add-opens=java.base/java.lang=ALL-UNNAMED --add-opens=java.base/java.lang.invoke=ALL-UNNAMED --add-opens=java.base/java.util=ALL-UNNAMED --add-opens=java.prefs/java.util.prefs=ALL-UNNAMED --add-opens=java.prefs/java.util.prefs=ALL-UNNAMED --add-opens=java.base/java.nio.charset=ALL-UNNAMED --add-opens=java.base/java.net=ALL-UNNAMED --add-opens=java.base/java.util.concurrent.atomic=ALL-UNNAMED -Xmx2048m -Dfile.encoding=UTF-8 -Duser.country=US -Duser.language=en -Duser.variant org.gradle.launcher.daemon.bootstrap.GradleDaemon 7.4

Host: Intel(R) Core(TM) i5-6300U CPU @ 2.40GHz, 4 cores, 7G,  Windows 10 , 64 bit Build 19041 (10.0.19041.3155)
Time: Fri Aug 25 00:58:17 2023 Pakistan Standard Time elapsed time: 9.337230 seconds (0d 0h 0m 9s)

---------------  T H R E A D  ---------------

Current thread (0x0000021ee806f000):  JavaThread "C2 CompilerThread0" daemon [_thread_in_native, id=11516, stack(0x0000009fc0900000,0x0000009fc0a00000)]


Current CompileTask:
C2:   9337 2391   !   4       java.net.URL::<init> (543 bytes)

Stack: [0x0000009fc0900000,0x0000009fc0a00000]
Native frames: (J=compiled Java code, j=interpreted, Vv=VM code, C=native code)
V  [jvm.dll+0x61a63a]
V  [jvm.dll+0x757439]
V  [jvm.dll+0x758b28]
V  [jvm.dll+0x759203]
V  [jvm.dll+0x24d9a8]
V  [jvm.dll+0xc148c]
V  [jvm.dll+0xc1a4c]
V  [jvm.dll+0x3570e2]
V  [jvm.dll+0x323373]
V  [jvm.dll+0x3226aa]
V  [jvm.dll+0x206db5]
V  [jvm.dll+0x205edd]
V  [jvm.dll+0x187ec1]
V  [jvm.dll+0x2156a4]
V  [jvm.dll+0x2138eb]
V  [jvm.dll+0x71a000]
V  [jvm.dll+0x712f34]
V  [jvm.dll+0x6194a5]
C  [ucrtbase.dll+0x21bb2]
C  [KERNEL32.DLL+0x17614]
C  [ntdll.dll+0x526b1]


---------------  P R O C E S S  ---------------

Threads class SMR info:
_java_thread_list=0x0000021ee9b87790, length=25, elements={
0x0000021ec788a800, 0x0000021ee804d000, 0x0000021ee8056800, 0x0000021ee89f2800,
0x0000021ee806a000, 0x0000021ee806c000, 0x0000021ee806f000, 0x0000021ee8074800,
0x0000021ee8076800, 0x0000021ee8b39800, 0x0000021eea8cb800, 0x0000021ee9efe000,
0x0000021eeb3cc000, 0x0000021eebace800, 0x0000021eea974800, 0x0000021ee968d800,
0x0000021eebc98800, 0x0000021ee9e8c800, 0x0000021eeb994000, 0x0000021eeb74e000,
0x0000021ee95eb000, 0x0000021ee95e9000, 0x0000021ee95ea000, 0x0000021ee95e8800,
0x0000021ee95ec800
}

Java Threads: ( => current thread )
  0x0000021ec788a800 JavaThread "main" [_thread_blocked, id=6008, stack(0x0000009fbfd00000,0x0000009fbfe00000)]
  0x0000021ee804d000 JavaThread "Reference Handler" daemon [_thread_blocked, id=11952, stack(0x0000009fc0400000,0x0000009fc0500000)]
  0x0000021ee8056800 JavaThread "Finalizer" daemon [_thread_blocked, id=7920, stack(0x0000009fc0500000,0x0000009fc0600000)]
  0x0000021ee89f2800 JavaThread "Signal Dispatcher" daemon [_thread_blocked, id=4556, stack(0x0000009fc0600000,0x0000009fc0700000)]
  0x0000021ee806a000 JavaThread "Attach Listener" daemon [_thread_blocked, id=7052, stack(0x0000009fc0700000,0x0000009fc0800000)]
  0x0000021ee806c000 JavaThread "Service Thread" daemon [_thread_blocked, id=7228, stack(0x0000009fc0800000,0x0000009fc0900000)]
=>0x0000021ee806f000 JavaThread "C2 CompilerThread0" daemon [_thread_in_native, id=11516, stack(0x0000009fc0900000,0x0000009fc0a00000)]
  0x0000021ee8074800 JavaThread "C1 CompilerThread0" daemon [_thread_blocked, id=11284, stack(0x0000009fc0a00000,0x0000009fc0b00000)]
  0x0000021ee8076800 JavaThread "Sweeper thread" daemon [_thread_blocked, id=2584, stack(0x0000009fc0b00000,0x0000009fc0c00000)]
  0x0000021ee8b39800 JavaThread "Common-Cleaner" daemon [_thread_blocked, id=12112, stack(0x0000009fc0c00000,0x0000009fc0d00000)]
  0x0000021eea8cb800 JavaThread "Daemon health stats" [_thread_blocked, id=9848, stack(0x0000009fc1100000,0x0000009fc1200000)]
  0x0000021ee9efe000 JavaThread "Incoming local TCP Connector on port 58318" [_thread_in_native, id=11092, stack(0x0000009fc0e00000,0x0000009fc0f00000)]
  0x0000021eeb3cc000 JavaThread "Daemon periodic checks" [_thread_blocked, id=10764, stack(0x0000009fc1200000,0x0000009fc1300000)]
  0x0000021eebace800 JavaThread "Daemon" [_thread_blocked, id=7252, stack(0x0000009fc1300000,0x0000009fc1400000)]
  0x0000021eea974800 JavaThread "Handler for socket connection from /127.0.0.1:58318 to /127.0.0.1:58319" [_thread_in_native, id=11864, stack(0x0000009fc1400000,0x0000009fc1500000)]
  0x0000021ee968d800 JavaThread "Cancel handler" [_thread_blocked, id=11300, stack(0x0000009fc1500000,0x0000009fc1600000)]
  0x0000021eebc98800 JavaThread "Daemon worker" [_thread_in_vm, id=11304, stack(0x0000009fc1600000,0x0000009fc1700000)]
  0x0000021ee9e8c800 JavaThread "Asynchronous log dispatcher for DefaultDaemonConnection: socket connection from /127.0.0.1:58318 to /127.0.0.1:58319" [_thread_blocked, id=11852, stack(0x0000009fc1700000,0x0000009fc1800000)]
  0x0000021eeb994000 JavaThread "Stdin handler" [_thread_blocked, id=8, stack(0x0000009fc1800000,0x0000009fc1900000)]
  0x0000021eeb74e000 JavaThread "Daemon client event forwarder" [_thread_blocked, id=8276, stack(0x0000009fc1900000,0x0000009fc1a00000)]
  0x0000021ee95eb000 JavaThread "Cache worker for journal cache (C:\Users\A.U Computer\.gradle\caches\journal-1)" [_thread_blocked, id=8384, stack(0x0000009fc1c00000,0x0000009fc1d00000)]
  0x0000021ee95e9000 JavaThread "File lock request listener" [_thread_in_native, id=9352, stack(0x0000009fc1d00000,0x0000009fc1e00000)]
  0x0000021ee95ea000 JavaThread "Cache worker for file hash cache (C:\Users\A.U Computer\.gradle\caches\7.4\fileHashes)" [_thread_blocked, id=11652, stack(0x0000009fc1e00000,0x0000009fc1f00000)]
  0x0000021ee95e8800 JavaThread "File watcher server" daemon [_thread_in_native, id=6172, stack(0x0000009fc2000000,0x0000009fc2100000)]
  0x0000021ee95ec800 JavaThread "File watcher consumer" daemon [_thread_blocked, id=1648, stack(0x0000009fc2100000,0x0000009fc2200000)]

Other Threads:
  0x0000021ee8047800 VMThread "VM Thread" [stack: 0x0000009fc0300000,0x0000009fc0400000] [id=7756]
  0x0000021ee8b57000 WatcherThread [stack: 0x0000009fc0d00000,0x0000009fc0e00000] [id=11748]
  0x0000021ec78a4800 GCTaskThread "GC Thread#0" [stack: 0x0000009fbfe00000,0x0000009fbff00000] [id=10472]
  0x0000021ee8dad800 GCTaskThread "GC Thread#1" [stack: 0x0000009fc0f00000,0x0000009fc1000000] [id=11920]
  0x0000021ee9395000 GCTaskThread "GC Thread#2" [stack: 0x0000009fc1000000,0x0000009fc1100000] [id=968]
  0x0000021eeb995000 GCTaskThread "GC Thread#3" [stack: 0x0000009fc1a00000,0x0000009fc1b00000] [id=7020]
  0x0000021ec78d7000 ConcurrentGCThread "G1 Main Marker" [stack: 0x0000009fbff00000,0x0000009fc0000000] [id=7860]
  0x0000021ec78d8000 ConcurrentGCThread "G1 Conc#0" [stack: 0x0000009fc0000000,0x0000009fc0100000] [id=8016]
  0x0000021ec7969000 ConcurrentGCThread "G1 Refine#0" [stack: 0x0000009fc0100000,0x0000009fc0200000] [id=5836]
  0x0000021eeb6d3800 ConcurrentGCThread "G1 Refine#1" [stack: 0x0000009fc1b00000,0x0000009fc1c00000] [id=8032]
  0x0000021ec796a000 ConcurrentGCThread "G1 Young RemSet Sampling" [stack: 0x0000009fc0200000,0x0000009fc0300000] [id=6076]

Threads with active compile tasks:
C2 CompilerThread0     9409 2391   !   4       java.net.URL::<init> (543 bytes)

VM state:not at safepoint (normal execution)

VM Mutex/Monitor currently owned by a thread: None

Heap address: 0x0000000080000000, size: 2048 MB, Compressed Oops mode: 32-bit
Narrow klass base: 0x0000000000000000, Narrow klass shift: 3
Compressed class space size: 1073741824 Address: 0x0000000100000000

Heap:
 garbage-first heap   total 131072K, used 40405K [0x0000000080000000, 0x0000000100000000)
  region size 1024K, 25 young (25600K), 3 survivors (3072K)
 Metaspace       used 27577K, capacity 28262K, committed 28336K, reserved 1073152K
  class space    used 3557K, capacity 3812K, committed 3840K, reserved 1048576K
Heap Regions: E=young(eden), S=young(survivor), O=old, HS=humongous(starts), HC=humongous(continues), CS=collection set, F=free, A=archive, TAMS=top-at-mark-start (previous, next)
|   0|0x0000000080000000, 0x0000000080100000, 0x0000000080100000|100%|HS|  |TAMS 0x0000000080100000, 0x0000000080000000| Complete 
|   1|0x0000000080100000, 0x0000000080200000, 0x0000000080200000|100%|HC|  |TAMS 0x0000000080200000, 0x0000000080100000| Complete 
|   2|0x0000000080200000, 0x0000000080300000, 0x0000000080300000|100%|HC|  |TAMS 0x0000000080300000, 0x0000000080200000| Complete 
|   3|0x0000000080300000, 0x0000000080400000, 0x0000000080400000|100%| O|  |TAMS 0x0000000080400000, 0x0000000080300000| Untracked 
|   4|0x0000000080400000, 0x0000000080500000, 0x0000000080500000|100%| O|  |TAMS 0x0000000080500000, 0x0000000080400000| Untracked 
|   5|0x0000000080500000, 0x0000000080600000, 0x0000000080600000|100%| O|  |TAMS 0x0000000080600000, 0x0000000080500000| Untracked 
|   6|0x0000000080600000, 0x0000000080700000, 0x0000000080700000|100%| O|  |TAMS 0x0000000080700000, 0x0000000080600000| Untracked 
|   7|0x0000000080700000, 0x0000000080800000, 0x0000000080800000|100%| O|  |TAMS 0x0000000080800000, 0x0000000080700000| Untracked 
|   8|0x0000000080800000, 0x0000000080900000, 0x0000000080900000|100%| O|  |TAMS 0x0000000080900000, 0x0000000080800000| Untracked 
|   9|0x0000000080900000, 0x0000000080a00000, 0x0000000080a00000|100%| O|  |TAMS 0x0000000080a00000, 0x0000000080900000| Untracked 
|  10|0x0000000080a00000, 0x0000000080b00000, 0x0000000080b00000|100%| O|  |TAMS 0x0000000080b00000, 0x0000000080a00000| Untracked 
|  11|0x0000000080b00000, 0x0000000080c00000, 0x0000000080c00000|100%| O|  |TAMS 0x0000000080c00000, 0x0000000080b00000| Untracked 
|  12|0x0000000080c00000, 0x0000000080d00000, 0x0000000080d00000|100%| O|  |TAMS 0x0000000080d00000, 0x0000000080c00000| Untracked 
|  13|0x0000000080d00000, 0x0000000080e00000, 0x0000000080e00000|100%| O|  |TAMS 0x0000000080e00000, 0x0000000080d00000| Untracked 
|  14|0x0000000080e00000, 0x0000000080f00000, 0x0000000080f00000|100%| O|  |TAMS 0x0000000080f00000, 0x0000000080e00000| Untracked 
|  15|0x0000000080f00000, 0x0000000080f94200, 0x0000000081000000| 57%| O|  |TAMS 0x0000000080f94200, 0x0000000080f00000| Untracked 
|  16|0x0000000081000000, 0x0000000081000000, 0x0000000081100000|  0%| F|  |TAMS 0x0000000081000000, 0x0000000081000000| Untracked 
|  17|0x0000000081100000, 0x0000000081100000, 0x0000000081200000|  0%| F|  |TAMS 0x0000000081100000, 0x0000000081100000| Untracked 
|  18|0x0000000081200000, 0x0000000081200000, 0x0000000081300000|  0%| F|  |TAMS 0x0000000081200000, 0x0000000081200000| Untracked 
|  19|0x0000000081300000, 0x0000000081300000, 0x0000000081400000|  0%| F|  |TAMS 0x0000000081300000, 0x0000000081300000| Untracked 
|  20|0x0000000081400000, 0x0000000081400000, 0x0000000081500000|  0%| F|  |TAMS 0x0000000081400000, 0x0000000081400000| Untracked 
|  21|0x0000000081500000, 0x0000000081500000, 0x0000000081600000|  0%| F|  |TAMS 0x0000000081500000, 0x0000000081500000| Untracked 
|  22|0x0000000081600000, 0x0000000081600000, 0x0000000081700000|  0%| F|  |TAMS 0x0000000081600000, 0x0000000081600000| Untracked 
|  23|0x0000000081700000, 0x0000000081700000, 0x0000000081800000|  0%| F|  |TAMS 0x0000000081700000, 0x0000000081700000| Untracked 
|  24|0x0000000081800000, 0x0000000081800000, 0x0000000081900000|  0%| F|  |TAMS 0x0000000081800000, 0x0000000081800000| Untracked 
|  25|0x0000000081900000, 0x0000000081900000, 0x0000000081a00000|  0%| F|  |TAMS 0x0000000081900000, 0x0000000081900000| Untracked 
|  26|0x0000000081a00000, 0x0000000081a00000, 0x0000000081b00000|  0%| F|  |TAMS 0x0000000081a00000, 0x0000000081a00000| Untracked 
|  27|0x0000000081b00000, 0x0000000081b00000, 0x0000000081c00000|  0%| F|  |TAMS 0x0000000081b00000, 0x0000000081b00000| Untracked 
|  28|0x0000000081c00000, 0x0000000081c00000, 0x0000000081d00000|  0%| F|  |TAMS 0x0000000081c00000, 0x0000000081c00000| Untracked 
|  29|0x0000000081d00000, 0x0000000081d00000, 0x0000000081e00000|  0%| F|  |TAMS 0x0000000081d00000, 0x0000000081d00000| Untracked 
|  30|0x0000000081e00000, 0x0000000081e00000, 0x0000000081f00000|  0%| F|  |TAMS 0x0000000081e00000, 0x0000000081e00000| Untracked 
|  31|0x0000000081f00000, 0x0000000081f00000, 0x0000000082000000|  0%| F|  |TAMS 0x0000000081f00000, 0x0000000081f00000| Untracked 
|  32|0x0000000082000000, 0x0000000082000000, 0x0000000082100000|  0%| F|  |TAMS 0x0000000082000000, 0x0000000082000000| Untracked 
|  33|0x0000000082100000, 0x0000000082100000, 0x0000000082200000|  0%| F|  |TAMS 0x0000000082100000, 0x0000000082100000| Untracked 
|  34|0x0000000082200000, 0x0000000082200000, 0x0000000082300000|  0%| F|  |TAMS 0x0000000082200000, 0x0000000082200000| Untracked 
|  35|0x0000000082300000, 0x0000000082300000, 0x0000000082400000|  0%| F|  |TAMS 0x0000000082300000, 0x0000000082300000| Untracked 
|  36|0x0000000082400000, 0x0000000082400000, 0x0000000082500000|  0%| F|  |TAMS 0x0000000082400000, 0x0000000082400000| Untracked 
|  37|0x0000000082500000, 0x0000000082500000, 0x0000000082600000|  0%| F|  |TAMS 0x0000000082500000, 0x0000000082500000| Untracked 
|  38|0x0000000082600000, 0x0000000082600000, 0x0000000082700000|  0%| F|  |TAMS 0x0000000082600000, 0x0000000082600000| Untracked 
|  39|0x0000000082700000, 0x0000000082700000, 0x0000000082800000|  0%| F|  |TAMS 0x0000000082700000, 0x0000000082700000| Untracked 
|  40|0x0000000082800000, 0x0000000082800000, 0x0000000082900000|  0%| F|  |TAMS 0x0000000082800000, 0x0000000082800000| Untracked 
|  41|0x0000000082900000, 0x0000000082900000, 0x0000000082a00000|  0%| F|  |TAMS 0x0000000082900000, 0x0000000082900000| Untracked 
|  42|0x0000000082a00000, 0x0000000082a00000, 0x0000000082b00000|  0%| F|  |TAMS 0x0000000082a00000, 0x0000000082a00000| Untracked 
|  43|0x0000000082b00000, 0x0000000082b00000, 0x0000000082c00000|  0%| F|  |TAMS 0x0000000082b00000, 0x0000000082b00000| Untracked 
|  44|0x0000000082c00000, 0x0000000082c00000, 0x0000000082d00000|  0%| F|  |TAMS 0x0000000082c00000, 0x0000000082c00000| Untracked 
|  45|0x0000000082d00000, 0x0000000082d00000, 0x0000000082e00000|  0%| F|  |TAMS 0x0000000082d00000, 0x0000000082d00000| Untracked 
|  46|0x0000000082e00000, 0x0000000082e00000, 0x0000000082f00000|  0%| F|  |TAMS 0x0000000082e00000, 0x0000000082e00000| Untracked 
|  47|0x0000000082f00000, 0x0000000082f00000, 0x0000000083000000|  0%| F|  |TAMS 0x0000000082f00000, 0x0000000082f00000| Untracked 
|  48|0x0000000083000000, 0x0000000083000000, 0x0000000083100000|  0%| F|  |TAMS 0x0000000083000000, 0x0000000083000000| Untracked 
|  49|0x0000000083100000, 0x0000000083100000, 0x0000000083200000|  0%| F|  |TAMS 0x0000000083100000, 0x0000000083100000| Untracked 
|  50|0x0000000083200000, 0x0000000083200000, 0x0000000083300000|  0%| F|  |TAMS 0x0000000083200000, 0x0000000083200000| Untracked 
|  51|0x0000000083300000, 0x0000000083300000, 0x0000000083400000|  0%| F|  |TAMS 0x0000000083300000, 0x0000000083300000| Untracked 
|  52|0x0000000083400000, 0x0000000083400000, 0x0000000083500000|  0%| F|  |TAMS 0x0000000083400000, 0x0000000083400000| Untracked 
|  53|0x0000000083500000, 0x0000000083500000, 0x0000000083600000|  0%| F|  |TAMS 0x0000000083500000, 0x0000000083500000| Untracked 
|  54|0x0000000083600000, 0x0000000083600000, 0x0000000083700000|  0%| F|  |TAMS 0x0000000083600000, 0x0000000083600000| Untracked 
|  55|0x0000000083700000, 0x0000000083700000, 0x0000000083800000|  0%| F|  |TAMS 0x0000000083700000, 0x0000000083700000| Untracked 
|  56|0x0000000083800000, 0x0000000083800000, 0x0000000083900000|  0%| F|  |TAMS 0x0000000083800000, 0x0000000083800000| Untracked 
|  57|0x0000000083900000, 0x0000000083900000, 0x0000000083a00000|  0%| F|  |TAMS 0x0000000083900000, 0x0000000083900000| Untracked 
|  58|0x0000000083a00000, 0x0000000083a00000, 0x0000000083b00000|  0%| F|  |TAMS 0x0000000083a00000, 0x0000000083a00000| Untracked 
|  59|0x0000000083b00000, 0x0000000083b00000, 0x0000000083c00000|  0%| F|  |TAMS 0x0000000083b00000, 0x0000000083b00000| Untracked 
|  60|0x0000000083c00000, 0x0000000083c00000, 0x0000000083d00000|  0%| F|  |TAMS 0x0000000083c00000, 0x0000000083c00000| Untracked 
|  61|0x0000000083d00000, 0x0000000083d00000, 0x0000000083e00000|  0%| F|  |TAMS 0x0000000083d00000, 0x0000000083d00000| Untracked 
|  62|0x0000000083e00000, 0x0000000083e00000, 0x0000000083f00000|  0%| F|  |TAMS 0x0000000083e00000, 0x0000000083e00000| Untracked 
|  63|0x0000000083f00000, 0x0000000083f00000, 0x0000000084000000|  0%| F|  |TAMS 0x0000000083f00000, 0x0000000083f00000| Untracked 
|  64|0x0000000084000000, 0x0000000084000000, 0x0000000084100000|  0%| F|  |TAMS 0x0000000084000000, 0x0000000084000000| Untracked 
|  65|0x0000000084100000, 0x0000000084100000, 0x0000000084200000|  0%| F|  |TAMS 0x0000000084100000, 0x0000000084100000| Untracked 
|  66|0x0000000084200000, 0x0000000084200000, 0x0000000084300000|  0%| F|  |TAMS 0x0000000084200000, 0x0000000084200000| Untracked 
|  67|0x0000000084300000, 0x0000000084300000, 0x0000000084400000|  0%| F|  |TAMS 0x0000000084300000, 0x0000000084300000| Untracked 
|  68|0x0000000084400000, 0x0000000084400000, 0x0000000084500000|  0%| F|  |TAMS 0x0000000084400000, 0x0000000084400000| Untracked 
|  69|0x0000000084500000, 0x0000000084500000, 0x0000000084600000|  0%| F|  |TAMS 0x0000000084500000, 0x0000000084500000| Untracked 
|  70|0x0000000084600000, 0x0000000084600000, 0x0000000084700000|  0%| F|  |TAMS 0x0000000084600000, 0x0000000084600000| Untracked 
|  71|0x0000000084700000, 0x0000000084700000, 0x0000000084800000|  0%| F|  |TAMS 0x0000000084700000, 0x0000000084700000| Untracked 
|  72|0x0000000084800000, 0x0000000084800000, 0x0000000084900000|  0%| F|  |TAMS 0x0000000084800000, 0x0000000084800000| Untracked 
|  73|0x0000000084900000, 0x0000000084900000, 0x0000000084a00000|  0%| F|  |TAMS 0x0000000084900000, 0x0000000084900000| Untracked 
|  74|0x0000000084a00000, 0x0000000084a00000, 0x0000000084b00000|  0%| F|  |TAMS 0x0000000084a00000, 0x0000000084a00000| Untracked 
|  75|0x0000000084b00000, 0x0000000084b00000, 0x0000000084c00000|  0%| F|  |TAMS 0x0000000084b00000, 0x0000000084b00000| Untracked 
|  76|0x0000000084c00000, 0x0000000084c00000, 0x0000000084d00000|  0%| F|  |TAMS 0x0000000084c00000, 0x0000000084c00000| Untracked 
|  77|0x0000000084d00000, 0x0000000084d00000, 0x0000000084e00000|  0%| F|  |TAMS 0x0000000084d00000, 0x0000000084d00000| Untracked 
|  78|0x0000000084e00000, 0x0000000084e00000, 0x0000000084f00000|  0%| F|  |TAMS 0x0000000084e00000, 0x0000000084e00000| Untracked 
|  79|0x0000000084f00000, 0x0000000084fe15a0, 0x0000000085000000| 88%| S|CS|TAMS 0x0000000084f00000, 0x0000000084f00000| Complete 
|  80|0x0000000085000000, 0x0000000085100000, 0x0000000085100000|100%| S|CS|TAMS 0x0000000085000000, 0x0000000085000000| Complete 
|  81|0x0000000085100000, 0x0000000085200000, 0x0000000085200000|100%| S|CS|TAMS 0x0000000085100000, 0x0000000085100000| Complete 
|  82|0x0000000085200000, 0x0000000085200000, 0x0000000085300000|  0%| F|  |TAMS 0x0000000085200000, 0x0000000085200000| Untracked 
|  83|0x0000000085300000, 0x0000000085300000, 0x0000000085400000|  0%| F|  |TAMS 0x0000000085300000, 0x0000000085300000| Untracked 
|  84|0x0000000085400000, 0x0000000085400000, 0x0000000085500000|  0%| F|  |TAMS 0x0000000085400000, 0x0000000085400000| Untracked 
|  85|0x0000000085500000, 0x0000000085500000, 0x0000000085600000|  0%| F|  |TAMS 0x0000000085500000, 0x0000000085500000| Untracked 
|  86|0x0000000085600000, 0x0000000085600000, 0x0000000085700000|  0%| F|  |TAMS 0x0000000085600000, 0x0000000085600000| Untracked 
|  87|0x0000000085700000, 0x0000000085700000, 0x0000000085800000|  0%| F|  |TAMS 0x0000000085700000, 0x0000000085700000| Untracked 
|  88|0x0000000085800000, 0x0000000085800000, 0x0000000085900000|  0%| F|  |TAMS 0x0000000085800000, 0x0000000085800000| Untracked 
|  89|0x0000000085900000, 0x0000000085900000, 0x0000000085a00000|  0%| F|  |TAMS 0x0000000085900000, 0x0000000085900000| Untracked 
|  90|0x0000000085a00000, 0x0000000085a00000, 0x0000000085b00000|  0%| F|  |TAMS 0x0000000085a00000, 0x0000000085a00000| Untracked 
|  91|0x0000000085b00000, 0x0000000085b00000, 0x0000000085c00000|  0%| F|  |TAMS 0x0000000085b00000, 0x0000000085b00000| Untracked 
|  92|0x0000000085c00000, 0x0000000085c00000, 0x0000000085d00000|  0%| F|  |TAMS 0x0000000085c00000, 0x0000000085c00000| Untracked 
|  93|0x0000000085d00000, 0x0000000085d00000, 0x0000000085e00000|  0%| F|  |TAMS 0x0000000085d00000, 0x0000000085d00000| Untracked 
|  94|0x0000000085e00000, 0x0000000085e00000, 0x0000000085f00000|  0%| F|  |TAMS 0x0000000085e00000, 0x0000000085e00000| Untracked 
|  95|0x0000000085f00000, 0x0000000085f00000, 0x0000000086000000|  0%| F|  |TAMS 0x0000000085f00000, 0x0000000085f00000| Untracked 
|  96|0x0000000086000000, 0x0000000086000000, 0x0000000086100000|  0%| F|  |TAMS 0x0000000086000000, 0x0000000086000000| Untracked 
|  97|0x0000000086100000, 0x0000000086100000, 0x0000000086200000|  0%| F|  |TAMS 0x0000000086100000, 0x0000000086100000| Untracked 
|  98|0x0000000086200000, 0x0000000086200000, 0x0000000086300000|  0%| F|  |TAMS 0x0000000086200000, 0x0000000086200000| Untracked 
|  99|0x0000000086300000, 0x0000000086300000, 0x0000000086400000|  0%| F|  |TAMS 0x0000000086300000, 0x0000000086300000| Untracked 
| 100|0x0000000086400000, 0x0000000086400000, 0x0000000086500000|  0%| F|  |TAMS 0x0000000086400000, 0x0000000086400000| Untracked 
| 101|0x0000000086500000, 0x0000000086500000, 0x0000000086600000|  0%| F|  |TAMS 0x0000000086500000, 0x0000000086500000| Untracked 
| 102|0x0000000086600000, 0x0000000086600000, 0x0000000086700000|  0%| F|  |TAMS 0x0000000086600000, 0x0000000086600000| Untracked 
| 103|0x0000000086700000, 0x0000000086700000, 0x0000000086800000|  0%| F|  |TAMS 0x0000000086700000, 0x0000000086700000| Untracked 
| 104|0x0000000086800000, 0x0000000086800000, 0x0000000086900000|  0%| F|  |TAMS 0x0000000086800000, 0x0000000086800000| Untracked 
| 105|0x0000000086900000, 0x0000000086900000, 0x0000000086a00000|  0%| F|  |TAMS 0x0000000086900000, 0x0000000086900000| Untracked 
| 106|0x0000000086a00000, 0x0000000086a80800, 0x0000000086b00000| 50%| E|  |TAMS 0x0000000086a00000, 0x0000000086a00000| Complete 
| 107|0x0000000086b00000, 0x0000000086c00000, 0x0000000086c00000|100%| E|CS|TAMS 0x0000000086b00000, 0x0000000086b00000| Complete 
| 108|0x0000000086c00000, 0x0000000086d00000, 0x0000000086d00000|100%| E|CS|TAMS 0x0000000086c00000, 0x0000000086c00000| Complete 
| 109|0x0000000086d00000, 0x0000000086e00000, 0x0000000086e00000|100%| E|CS|TAMS 0x0000000086d00000, 0x0000000086d00000| Complete 
| 110|0x0000000086e00000, 0x0000000086f00000, 0x0000000086f00000|100%| E|CS|TAMS 0x0000000086e00000, 0x0000000086e00000| Complete 
| 111|0x0000000086f00000, 0x0000000087000000, 0x0000000087000000|100%| E|CS|TAMS 0x0000000086f00000, 0x0000000086f00000| Complete 
| 112|0x0000000087000000, 0x0000000087100000, 0x0000000087100000|100%| E|CS|TAMS 0x0000000087000000, 0x0000000087000000| Complete 
| 113|0x0000000087100000, 0x0000000087200000, 0x0000000087200000|100%| E|CS|TAMS 0x0000000087100000, 0x0000000087100000| Complete 
| 114|0x0000000087200000, 0x0000000087300000, 0x0000000087300000|100%| E|CS|TAMS 0x0000000087200000, 0x0000000087200000| Complete 
| 115|0x0000000087300000, 0x0000000087400000, 0x0000000087400000|100%| E|CS|TAMS 0x0000000087300000, 0x0000000087300000| Complete 
| 116|0x0000000087400000, 0x0000000087500000, 0x0000000087500000|100%| E|CS|TAMS 0x0000000087400000, 0x0000000087400000| Complete 
| 117|0x0000000087500000, 0x0000000087600000, 0x0000000087600000|100%| E|CS|TAMS 0x0000000087500000, 0x0000000087500000| Complete 
| 118|0x0000000087600000, 0x0000000087700000, 0x0000000087700000|100%| E|CS|TAMS 0x0000000087600000, 0x0000000087600000| Complete 
| 119|0x0000000087700000, 0x0000000087800000, 0x0000000087800000|100%| E|CS|TAMS 0x0000000087700000, 0x0000000087700000| Complete 
| 120|0x0000000087800000, 0x0000000087900000, 0x0000000087900000|100%| E|CS|TAMS 0x0000000087800000, 0x0000000087800000| Complete 
| 121|0x0000000087900000, 0x0000000087a00000, 0x0000000087a00000|100%| E|CS|TAMS 0x0000000087900000, 0x0000000087900000| Complete 
| 122|0x0000000087a00000, 0x0000000087b00000, 0x0000000087b00000|100%| E|CS|TAMS 0x0000000087a00000, 0x0000000087a00000| Complete 
| 123|0x0000000087b00000, 0x0000000087c00000, 0x0000000087c00000|100%| E|CS|TAMS 0x0000000087b00000, 0x0000000087b00000| Complete 
| 124|0x0000000087c00000, 0x0000000087d00000, 0x0000000087d00000|100%| E|CS|TAMS 0x0000000087c00000, 0x0000000087c00000| Complete 
| 125|0x0000000087d00000, 0x0000000087e00000, 0x0000000087e00000|100%| E|CS|TAMS 0x0000000087d00000, 0x0000000087d00000| Complete 
| 126|0x0000000087e00000, 0x0000000087f00000, 0x0000000087f00000|100%| E|CS|TAMS 0x0000000087e00000, 0x0000000087e00000| Complete 
| 127|0x0000000087f00000, 0x0000000088000000, 0x0000000088000000|100%| E|CS|TAMS 0x0000000087f00000, 0x0000000087f00000| Complete 

Card table byte_map: [0x0000021ee11f0000,0x0000021ee15f0000] _byte_map_base: 0x0000021ee0df0000

Marking Bits (Prev, Next): (CMBitMap*) 0x0000021ec78ce0d0, (CMBitMap*) 0x0000021ec78ce098
 Prev Bits: [0x0000021ee39f0000, 0x0000021ee59f0000)
 Next Bits: [0x0000021ee19f0000, 0x0000021ee39f0000)

Polling page: 0x0000021ec7970000

Metaspace:

Usage:
  Non-class:     23.88 MB capacity,    23.46 MB ( 98%) used,   374.76 KB (  2%) free+waste,    53.81 KB ( <1%) overhead. 
      Class:      3.72 MB capacity,     3.48 MB ( 93%) used,   226.57 KB (  6%) free+waste,    27.00 KB ( <1%) overhead. 
       Both:     27.60 MB capacity,    26.93 MB ( 98%) used,   601.33 KB (  2%) free+waste,    80.81 KB ( <1%) overhead. 

Virtual space:
  Non-class space:       24.00 MB reserved,      23.92 MB (>99%) committed 
      Class space:        1.00 GB reserved,       3.75 MB ( <1%) committed 
             Both:        1.02 GB reserved,      27.67 MB (  3%) committed 

Chunk freelists:
   Non-Class:  46.00 KB
       Class:  28.00 KB
        Both:  74.00 KB

MaxMetaspaceSize: 17179869184.00 GB
CompressedClassSpaceSize: 1.00 GB
Initial GC threshold: 20.80 MB
Current GC threshold: 35.08 MB
CDS: off

CodeHeap 'non-profiled nmethods': size=120064Kb used=1295Kb max_used=1295Kb free=118768Kb
 bounds [0x0000021ed9280000, 0x0000021ed94f0000, 0x0000021ee07c0000]
CodeHeap 'profiled nmethods': size=120000Kb used=5149Kb max_used=5149Kb free=114850Kb
 bounds [0x0000021ed1d50000, 0x0000021ed2260000, 0x0000021ed9280000]
CodeHeap 'non-nmethods': size=5696Kb used=1224Kb max_used=1264Kb free=4471Kb
 bounds [0x0000021ed17c0000, 0x0000021ed1a30000, 0x0000021ed1d50000]
 total_blobs=2892 nmethods=2390 adapters=414
 compilation: enabled
              stopped_count=0, restarted_count=0
 full_count=0

Compilation events (20 events):
Event: 8.525 Thread 0x0000021ee8074800 nmethod 2383 0x0000021ed2248690 code [0x0000021ed2248840, 0x0000021ed2248968]
Event: 8.525 Thread 0x0000021ee8074800 2384       3       java.util.concurrent.ConcurrentHashMap$EntryIterator::next (51 bytes)
Event: 8.525 Thread 0x0000021ee8074800 nmethod 2384 0x0000021ed2248a10 code [0x0000021ed2248c00, 0x0000021ed22490f8]
Event: 8.525 Thread 0x0000021ee8074800 2385       3       java.util.HashMap::putMapEntries (154 bytes)
Event: 8.526 Thread 0x0000021ee8074800 nmethod 2385 0x0000021ed2249290 code [0x0000021ed2249560, 0x0000021ed224a288]
Event: 8.719 Thread 0x0000021ee8074800 2386       3       java.util.concurrent.locks.ReentrantLock$Sync::isHeldExclusively (16 bytes)
Event: 8.719 Thread 0x0000021ee8074800 nmethod 2386 0x0000021ed224a610 code [0x0000021ed224a7c0, 0x0000021ed224a958]
Event: 8.738 Thread 0x0000021ee8074800 2387   !   3       org.gradle.internal.service.DefaultServiceRegistry$FactoryService::bind (283 bytes)
Event: 8.742 Thread 0x0000021ee8074800 nmethod 2387 0x0000021ed224aa10 code [0x0000021ed224b120, 0x0000021ed224f788]
Event: 8.757 Thread 0x0000021ee8074800 2389       3       java.lang.ClassLoader::getBuiltinPlatformClassLoader (4 bytes)
Event: 8.757 Thread 0x0000021ee8074800 nmethod 2389 0x0000021ed2250e90 code [0x0000021ed2251040, 0x0000021ed2251178]
Event: 8.757 Thread 0x0000021ee8074800 2388       3       jdk.internal.misc.VM::isSystemDomainLoader (17 bytes)
Event: 8.758 Thread 0x0000021ee8074800 nmethod 2388 0x0000021ed2251210 code [0x0000021ed2251460, 0x0000021ed2251dd8]
Event: 8.805 Thread 0x0000021ee8074800 2390       3       java.util.TreeMap::leftOf (13 bytes)
Event: 8.805 Thread 0x0000021ee8074800 nmethod 2390 0x0000021ed2252110 code [0x0000021ed22522c0, 0x0000021ed2252418]
Event: 8.840 Thread 0x0000021ee806f000 2391   !   4       java.net.URL::<init> (543 bytes)
Event: 8.843 Thread 0x0000021ee8074800 2392       3       org.gradle.internal.service.DefaultServiceRegistry$FactoryService::createServiceInstance (18 bytes)
Event: 8.844 Thread 0x0000021ee8074800 nmethod 2392 0x0000021ed2252510 code [0x0000021ed22526e0, 0x0000021ed22528f8]
Event: 8.875 Thread 0x0000021ee8074800 2393       3       org.gradle.internal.service.DefaultServiceRegistry$FactoryMethodService::getParameterTypes (10 bytes)
Event: 8.875 Thread 0x0000021ee8074800 nmethod 2393 0x0000021ed2252a10 code [0x0000021ed2252bc0, 0x0000021ed2252d98]

GC Heap History (10 events):
Event: 0.999 GC heap before
{Heap before GC invocations=0 (full 0):
 garbage-first heap   total 131072K, used 16384K [0x0000000080000000, 0x0000000100000000)
  region size 1024K, 14 young (14336K), 0 survivors (0K)
 Metaspace       used 6798K, capacity 6985K, committed 7168K, reserved 1056768K
  class space    used 573K, capacity 650K, committed 768K, reserved 1048576K
}
Event: 1.012 GC heap after
{Heap after GC invocations=1 (full 0):
 garbage-first heap   total 131072K, used 3908K [0x0000000080000000, 0x0000000100000000)
  region size 1024K, 2 young (2048K), 2 survivors (2048K)
 Metaspace       used 6798K, capacity 6985K, committed 7168K, reserved 1056768K
  class space    used 573K, capacity 650K, committed 768K, reserved 1048576K
}
Event: 5.532 GC heap before
{Heap before GC invocations=1 (full 0):
 garbage-first heap   total 131072K, used 82756K [0x0000000080000000, 0x0000000100000000)
  region size 1024K, 76 young (77824K), 2 survivors (2048K)
 Metaspace       used 17294K, capacity 17653K, committed 17792K, reserved 1064960K
  class space    used 1976K, capacity 2103K, committed 2176K, reserved 1048576K
}
Event: 5.551 GC heap after
{Heap after GC invocations=2 (full 0):
 garbage-first heap   total 131072K, used 16287K [0x0000000080000000, 0x0000000100000000)
  region size 1024K, 10 young (10240K), 10 survivors (10240K)
 Metaspace       used 17294K, capacity 17653K, committed 17792K, reserved 1064960K
  class space    used 1976K, capacity 2103K, committed 2176K, reserved 1048576K
}
Event: 5.648 GC heap before
{Heap before GC invocations=2 (full 0):
 garbage-first heap   total 131072K, used 20383K [0x0000000080000000, 0x0000000100000000)
  region size 1024K, 14 young (14336K), 10 survivors (10240K)
 Metaspace       used 17634K, capacity 17996K, committed 18048K, reserved 1064960K
  class space    used 2044K, capacity 2176K, committed 2176K, reserved 1048576K
}
Event: 5.659 GC heap after
{Heap after GC invocations=3 (full 0):
 garbage-first heap   total 131072K, used 16561K [0x0000000080000000, 0x0000000100000000)
  region size 1024K, 1 young (1024K), 1 survivors (1024K)
 Metaspace       used 17634K, capacity 17996K, committed 18048K, reserved 1064960K
  class space    used 2044K, capacity 2176K, committed 2176K, reserved 1048576K
}
Event: 6.192 GC heap before
{Heap before GC invocations=3 (full 0):
 garbage-first heap   total 131072K, used 43185K [0x0000000080000000, 0x0000000100000000)
  region size 1024K, 28 young (28672K), 1 survivors (1024K)
 Metaspace       used 20799K, capacity 21193K, committed 21296K, reserved 1069056K
  class space    used 2512K, capacity 2683K, committed 2688K, reserved 1048576K
}
Event: 6.198 GC heap after
{Heap after GC invocations=4 (full 0):
 garbage-first heap   total 131072K, used 17197K [0x0000000080000000, 0x0000000100000000)
  region size 1024K, 2 young (2048K), 2 survivors (2048K)
 Metaspace       used 20799K, capacity 21193K, committed 21296K, reserved 1069056K
  class space    used 2512K, capacity 2683K, committed 2688K, reserved 1048576K
}
Event: 7.381 GC heap before
{Heap before GC invocations=5 (full 0):
 garbage-first heap   total 131072K, used 62253K [0x0000000080000000, 0x0000000100000000)
  region size 1024K, 46 young (47104K), 2 survivors (2048K)
 Metaspace       used 25357K, capacity 25918K, committed 26160K, reserved 1073152K
  class space    used 3237K, capacity 3455K, committed 3456K, reserved 1048576K
}
Event: 7.386 GC heap after
{Heap after GC invocations=6 (full 0):
 garbage-first heap   total 131072K, used 18901K [0x0000000080000000, 0x0000000100000000)
  region size 1024K, 3 young (3072K), 3 survivors (3072K)
 Metaspace       used 25357K, capacity 25918K, committed 26160K, reserved 1073152K
  class space    used 3237K, capacity 3455K, committed 3456K, reserved 1048576K
}

Deoptimization events (20 events):
Event: 7.001 Thread 0x0000021eebc98800 DEOPT PACKING pc=0x0000021ed9330204 sp=0x0000009fc16f8960
Event: 7.001 Thread 0x0000021eebc98800 DEOPT UNPACKING pc=0x0000021ed180a1af sp=0x0000009fc16f88c8 mode 2
Event: 7.242 Thread 0x0000021eebc98800 Uncommon trap: trap_request=0xffffff4d fr.pc=0x0000021ed938dc68 relative=0x0000000000000408
Event: 7.242 Thread 0x0000021eebc98800 Uncommon trap: reason=unstable_if action=reinterpret pc=0x0000021ed938dc68 method=sun.nio.cs.UTF_8$Decoder.decodeArrayLoop(Ljava/nio/ByteBuffer;Ljava/nio/CharBuffer;)Ljava/nio/charset/CoderResult; @ 110 c2
Event: 7.242 Thread 0x0000021eebc98800 DEOPT PACKING pc=0x0000021ed938dc68 sp=0x0000009fc16f87f0
Event: 7.242 Thread 0x0000021eebc98800 DEOPT UNPACKING pc=0x0000021ed180a1af sp=0x0000009fc16f8728 mode 2
Event: 7.507 Thread 0x0000021eebc98800 Uncommon trap: trap_request=0xffffff7e fr.pc=0x0000021ed93a9b1c relative=0x000000000000015c
Event: 7.507 Thread 0x0000021eebc98800 Uncommon trap: reason=predicate action=maybe_recompile pc=0x0000021ed93a9b1c method=com.google.common.base.CharMatcher.indexIn(Ljava/lang/CharSequence;I)I @ 19 c2
Event: 7.507 Thread 0x0000021eebc98800 DEOPT PACKING pc=0x0000021ed93a9b1c sp=0x0000009fc16fb820
Event: 7.507 Thread 0x0000021eebc98800 DEOPT UNPACKING pc=0x0000021ed180a1af sp=0x0000009fc16fb7b0 mode 2
Event: 7.714 Thread 0x0000021eebc98800 Uncommon trap: trap_request=0xffffff4d fr.pc=0x0000021ed934e934 relative=0x0000000000001374
Event: 7.714 Thread 0x0000021eebc98800 Uncommon trap: reason=unstable_if action=reinterpret pc=0x0000021ed934e934 method=java.util.concurrent.ConcurrentHashMap.putVal(Ljava/lang/Object;Ljava/lang/Object;Z)Ljava/lang/Object; @ 231 c2
Event: 7.714 Thread 0x0000021eebc98800 DEOPT PACKING pc=0x0000021ed934e934 sp=0x0000009fc16fcb20
Event: 7.714 Thread 0x0000021eebc98800 DEOPT UNPACKING pc=0x0000021ed180a1af sp=0x0000009fc16fcaa0 mode 2
Event: 7.903 Thread 0x0000021eeb74e000 DEOPT PACKING pc=0x0000021ed1fd855a sp=0x0000009fc19fec90
Event: 7.903 Thread 0x0000021eeb74e000 DEOPT UNPACKING pc=0x0000021ed180a95e sp=0x0000009fc19fe128 mode 0
Event: 8.103 Thread 0x0000021eebc98800 Uncommon trap: trap_request=0x00000005 fr.pc=0x0000021ed9399be0 relative=0x0000000000005440
Event: 8.104 Thread 0x0000021eebc98800 Uncommon trap: reason=unloaded action=reinterpret pc=0x0000021ed9399be0 method=org.gradle.internal.classloader.TransformingClassLoader.findClass(Ljava/lang/String;)Ljava/lang/Class; @ 14 c2
Event: 8.104 Thread 0x0000021eebc98800 DEOPT PACKING pc=0x0000021ed9399be0 sp=0x0000009fc16f9030
Event: 8.104 Thread 0x0000021eebc98800 DEOPT UNPACKING pc=0x0000021ed180a1af sp=0x0000009fc16f9000 mode 2

Classes redefined (0 events):
No events

Internal exceptions (20 events):
Event: 6.404 Thread 0x0000021eebc98800 Exception <a 'java/lang/NoSuchMethodError'{0x0000000087507eb8}: 'void java.lang.invoke.DirectMethodHandle$Holder.invokeSpecial(java.lang.Object, java.lang.Object, java.lang.Object, java.lang.Object, java.lang.Object)'> (0x0000000087507eb8) thrown at [./src/hotspot/share/interpreter/linkResolver.cpp, line 773]
Event: 6.453 Thread 0x0000021eebc98800 Exception <a 'java/lang/NoSuchMethodError'{0x0000000087320aa8}: 'java.lang.Object java.lang.invoke.DirectMethodHandle$Holder.invokeSpecial(java.lang.Object, java.lang.Object, java.lang.Object, java.lang.Object, java.lang.Object, java.lang.Object, java.lang.Object, java.lang.Object, java.lang.Object)'> (0x0000000087320aa8) thrown at [./src/hotspot/share/interpreter/linkResolver.cpp, line 773]
Event: 6.777 Thread 0x0000021eebc98800 Exception <a 'java/lang/NoSuchMethodError'{0x0000000086925ea8}: 'java.lang.Object java.lang.invoke.DirectMethodHandle$Holder.invokeVirtual(java.lang.Object, java.lang.Object, java.lang.Object, java.lang.Object)'> (0x0000000086925ea8) thrown at [./src/hotspot/share/interpreter/linkResolver.cpp, line 773]
Event: 7.052 Thread 0x0000021eebc98800 Exception <a 'java/lang/NoSuchMethodError'{0x0000000086166d10}: 'void java.lang.invoke.DirectMethodHandle$Holder.invokeSpecial(java.lang.Object, java.lang.Object, java.lang.Object, java.lang.Object, java.lang.Object, java.lang.Object)'> (0x0000000086166d10) thrown at [./src/hotspot/share/interpreter/linkResolver.cpp, line 773]
Event: 7.067 Thread 0x0000021eebc98800 Exception <a 'java/lang/NoSuchMethodError'{0x00000000861d5778}: 'void java.lang.invoke.DirectMethodHandle$Holder.invokeSpecial(java.lang.Object, java.lang.Object, java.lang.Object, java.lang.Object, java.lang.Object, java.lang.Object, java.lang.Object)'> (0x00000000861d5778) thrown at [./src/hotspot/share/interpreter/linkResolver.cpp, line 773]
Event: 7.068 Thread 0x0000021eebc98800 Exception <a 'java/lang/NoSuchMethodError'{0x00000000861ddc68}: 'java.lang.Object java.lang.invoke.Invokers$Holder.linkToTargetMethod(java.lang.Object, java.lang.Object, java.lang.Object, java.lang.Object, java.lang.Object, java.lang.Object)'> (0x00000000861ddc68) thrown at [./src/hotspot/share/interpreter/linkResolver.cpp, line 773]
Event: 7.114 Thread 0x0000021eebc98800 Exception <a 'java/lang/NoSuchMethodError'{0x0000000085fa2508}: 'java.lang.Object java.lang.invoke.DirectMethodHandle$Holder.invokeVirtual(java.lang.Object, java.lang.Object, java.lang.Object, java.lang.Object, java.lang.Object, java.lang.Object, java.lang.Object, java.lang.Object, java.lang.Object, java.lang.Object, java.lang.Object, java.lang.Object, java.lang.Object, java.lang.Object, java.lang.Object, java.lang.Object, java.lang.Object, java.lang.Object, java.lang.Object, java.lang.Object, java.lang.Ob
Event: 7.214 Thread 0x0000021eebc98800 Exception <a 'java/lang/NoSuchMethodError'{0x000000008575cea0}: 'int java.lang.invoke.DirectMethodHandle$Holder.invokeStaticInit(java.lang.Object, java.lang.Object, java.lang.Object)'> (0x000000008575cea0) thrown at [./src/hotspot/share/interpreter/linkResolver.cpp, line 773]
Event: 7.351 Thread 0x0000021eebc98800 Exception <a 'java/lang/NoSuchMethodError'{0x00000000853e50b0}: 'void java.lang.invoke.DirectMethodHandle$Holder.invokeStaticInit(java.lang.Object, java.lang.Object)'> (0x00000000853e50b0) thrown at [./src/hotspot/share/interpreter/linkResolver.cpp, line 773]
Event: 7.760 Thread 0x0000021eebc98800 Exception <a 'java/lang/NoSuchMethodError'{0x0000000087b56038}: 'void java.lang.invoke.DirectMethodHandle$Holder.invokeStatic(java.lang.Object, java.lang.Object, java.lang.Object, java.lang.Object)'> (0x0000000087b56038) thrown at [./src/hotspot/share/interpreter/linkResolver.cpp, line 773]
Event: 7.766 Thread 0x0000021eebc98800 Exception <a 'java/lang/NoSuchMethodError'{0x0000000087b74530}: 'int java.lang.invoke.DirectMethodHandle$Holder.invokeVirtual(java.lang.Object, java.lang.Object)'> (0x0000000087b74530) thrown at [./src/hotspot/share/interpreter/linkResolver.cpp, line 773]
Event: 7.769 Thread 0x0000021eebc98800 Exception <a 'java/lang/NoSuchMethodError'{0x0000000087bc2118}: 'java.lang.Object java.lang.invoke.DirectMethodHandle$Holder.invokeVirtual(java.lang.Object, java.lang.Object, java.lang.Object)'> (0x0000000087bc2118) thrown at [./src/hotspot/share/interpreter/linkResolver.cpp, line 773]
Event: 7.787 Thread 0x0000021eebc98800 Exception <a 'java/lang/NoSuchMethodError'{0x0000000087bedf28}: 'int java.lang.invoke.DirectMethodHandle$Holder.invokeVirtual(java.lang.Object, java.lang.Object, java.lang.Object)'> (0x0000000087bedf28) thrown at [./src/hotspot/share/interpreter/linkResolver.cpp, line 773]
Event: 7.920 Thread 0x0000021eeb74e000 Exception <a 'java/lang/NoSuchMethodError'{0x0000000087f89340}: <clinit>> (0x0000000087f89340) thrown at [./src/hotspot/share/prims/jni.cpp, line 1367]
Event: 7.952 Thread 0x0000021eeb74e000 Exception <a 'java/lang/NoSuchMethodError'{0x0000000087995040}: <clinit>> (0x0000000087995040) thrown at [./src/hotspot/share/prims/jni.cpp, line 1367]
Event: 7.952 Thread 0x0000021eeb74e000 Exception <a 'java/lang/NoSuchMethodError'{0x0000000087995d90}: <clinit>> (0x0000000087995d90) thrown at [./src/hotspot/share/prims/jni.cpp, line 1367]
Event: 7.952 Thread 0x0000021eeb74e000 Exception <a 'java/lang/NoSuchMethodError'{0x0000000087996db0}: <clinit>> (0x0000000087996db0) thrown at [./src/hotspot/share/prims/jni.cpp, line 1367]
Event: 7.988 Thread 0x0000021eebc98800 Exception <a 'java/lang/NoSuchMethodError'{0x000000008797d190}: 'java.lang.Object java.lang.invoke.DirectMethodHandle$Holder.invokeStatic(java.lang.Object, java.lang.Object, int, java.lang.Object)'> (0x000000008797d190) thrown at [./src/hotspot/share/interpreter/linkResolver.cpp, line 773]
Event: 7.992 Thread 0x0000021eebc98800 Exception <a 'java/lang/NoSuchMethodError'{0x00000000879c5dd8}: 'java.lang.Object java.lang.invoke.Invokers$Holder.linkToTargetMethod(java.lang.Object, int, java.lang.Object)'> (0x00000000879c5dd8) thrown at [./src/hotspot/share/interpreter/linkResolver.cpp, line 773]
Event: 8.300 Thread 0x0000021eebc98800 Exception <a 'java/lang/NoSuchMethodError'{0x00000000875ce128}: 'void java.lang.invoke.DirectMethodHandle$Holder.invokeSpecial(java.lang.Object, java.lang.Object)'> (0x00000000875ce128) thrown at [./src/hotspot/share/interpreter/linkResolver.cpp, line 773]

Events (20 events):
Event: 8.926 loading class org/gradle/internal/resource/transfer/ExternalResourceConnector
Event: 8.926 loading class org/gradle/internal/resource/transfer/ExternalResourceConnector done
Event: 8.927 loading class org/gradle/internal/authentication/AllSchemesAuthentication
Event: 8.927 loading class org/gradle/internal/authentication/AllSchemesAuthentication done
Event: 8.932 loading class org/gradle/internal/resource/transport/file/FileConnectorFactory
Event: 8.932 loading class org/gradle/internal/resource/transport/file/FileConnectorFactory done
Event: 8.935 loading class org/gradle/internal/resource/transport/gcp/gcs/GcsConnectorFactory
Event: 8.935 loading class org/gradle/internal/resource/transport/gcp/gcs/GcsConnectorFactory done
Event: 8.959 loading class org/gradle/internal/resource/transport/aws/s3/S3ConnectorFactory
Event: 8.959 loading class org/gradle/internal/resource/transport/aws/s3/S3ConnectorFactory done
Event: 8.967 loading class org/gradle/internal/resource/transport/sftp/SftpClientFactory$SftpClientCreator
Event: 8.967 loading class org/gradle/internal/resource/transport/sftp/SftpClientFactory$SftpClientCreator done
Event: 8.968 loading class com/jcraft/jsch/Logger
Event: 8.968 loading class com/jcraft/jsch/Logger done
Event: 8.972 loading class com/jcraft/jsch/HostKeyRepository
Event: 8.972 loading class com/jcraft/jsch/HostKeyRepository done
Event: 8.973 loading class com/jcraft/jsch/JSchException
Event: 8.973 loading class com/jcraft/jsch/JSchException done
Event: 8.973 loading class org/gradle/internal/resource/transport/sftp/LockableSftpClient
Event: 8.973 loading class org/gradle/internal/resource/transport/sftp/LockableSftpClient done


Dynamic libraries:
0x00007ff61d850000 - 0x00007ff61d85d000 	C:\Program Files\openjdk\openjdk-11.0.16_8\bin\java.exe
0x00007ffd66910000 - 0x00007ffd66b08000 	C:\WINDOWS\SYSTEM32\ntdll.dll
0x00007ffd66760000 - 0x00007ffd6681f000 	C:\WINDOWS\System32\KERNEL32.DLL
0x00007ffd64060000 - 0x00007ffd64356000 	C:\WINDOWS\System32\KERNELBASE.dll
0x00007ffd644e0000 - 0x00007ffd645e0000 	C:\WINDOWS\System32\ucrtbase.dll
0x00007ffd5ef00000 - 0x00007ffd5ef15000 	C:\Program Files\openjdk\openjdk-11.0.16_8\bin\VCRUNTIME140.dll
0x00007ffd5fab0000 - 0x00007ffd5fac7000 	C:\Program Files\openjdk\openjdk-11.0.16_8\bin\jli.dll
0x00007ffd66220000 - 0x00007ffd663bd000 	C:\WINDOWS\System32\USER32.dll
0x00007ffd64690000 - 0x00007ffd646b2000 	C:\WINDOWS\System32\win32u.dll
0x00007ffd4ece0000 - 0x00007ffd4ef7a000 	C:\WINDOWS\WinSxS\amd64_microsoft.windows.common-controls_6595b64144ccf1df_6.0.19041.1110_none_60b5254171f9507e\COMCTL32.dll
0x00007ffd64970000 - 0x00007ffd6499c000 	C:\WINDOWS\System32\GDI32.dll
0x00007ffd665f0000 - 0x00007ffd6668e000 	C:\WINDOWS\System32\msvcrt.dll
0x00007ffd64850000 - 0x00007ffd64965000 	C:\WINDOWS\System32\gdi32full.dll
0x00007ffd643b0000 - 0x00007ffd6444d000 	C:\WINDOWS\System32\msvcp_win.dll
0x00007ffd64da0000 - 0x00007ffd64dd0000 	C:\WINDOWS\System32\IMM32.DLL
0x00007ffd45de0000 - 0x00007ffd45e7b000 	C:\Program Files\openjdk\openjdk-11.0.16_8\bin\msvcp140.dll
0x00007ffd2bd10000 - 0x00007ffd2c81e000 	C:\Program Files\openjdk\openjdk-11.0.16_8\bin\server\jvm.dll
0x00007ffd666b0000 - 0x00007ffd6675f000 	C:\WINDOWS\System32\ADVAPI32.dll
0x00007ffd66830000 - 0x00007ffd668cc000 	C:\WINDOWS\System32\sechost.dll
0x00007ffd65b00000 - 0x00007ffd65c26000 	C:\WINDOWS\System32\RPCRT4.dll
0x00007ffd66820000 - 0x00007ffd66828000 	C:\WINDOWS\System32\PSAPI.DLL
0x00007ffd4c290000 - 0x00007ffd4c299000 	C:\WINDOWS\SYSTEM32\WSOCK32.dll
0x00007ffd66470000 - 0x00007ffd664db000 	C:\WINDOWS\System32\WS2_32.dll
0x00007ffd54620000 - 0x00007ffd5462a000 	C:\WINDOWS\SYSTEM32\VERSION.dll
0x00007ffd4e230000 - 0x00007ffd4e257000 	C:\WINDOWS\SYSTEM32\WINMM.dll
0x00007ffd61e50000 - 0x00007ffd61e62000 	C:\WINDOWS\SYSTEM32\kernel.appcore.dll
0x00007ffd5f9e0000 - 0x00007ffd5f9f0000 	C:\Program Files\openjdk\openjdk-11.0.16_8\bin\verify.dll
0x00007ffd537d0000 - 0x00007ffd539b4000 	C:\WINDOWS\SYSTEM32\DBGHELP.DLL
0x00007ffd47400000 - 0x00007ffd47434000 	C:\WINDOWS\SYSTEM32\dbgcore.DLL
0x00007ffd64450000 - 0x00007ffd644d2000 	C:\WINDOWS\System32\bcryptPrimitives.dll
0x00007ffd4d6f0000 - 0x00007ffd4d718000 	C:\Program Files\openjdk\openjdk-11.0.16_8\bin\java.dll
0x00007ffd5e950000 - 0x00007ffd5e95a000 	C:\Program Files\openjdk\openjdk-11.0.16_8\bin\jimage.dll
0x00007ffd5c5a0000 - 0x00007ffd5c5b8000 	C:\Program Files\openjdk\openjdk-11.0.16_8\bin\zip.dll
0x00007ffd65330000 - 0x00007ffd65a74000 	C:\WINDOWS\System32\SHELL32.dll
0x00007ffd62050000 - 0x00007ffd627e3000 	C:\WINDOWS\SYSTEM32\windows.storage.dll
0x00007ffd65e40000 - 0x00007ffd66194000 	C:\WINDOWS\System32\combase.dll
0x00007ffd63880000 - 0x00007ffd638ae000 	C:\WINDOWS\SYSTEM32\Wldp.dll
0x00007ffd663c0000 - 0x00007ffd6646d000 	C:\WINDOWS\System32\SHCORE.dll
0x00007ffd66590000 - 0x00007ffd665e5000 	C:\WINDOWS\System32\shlwapi.dll
0x00007ffd63f20000 - 0x00007ffd63f45000 	C:\WINDOWS\SYSTEM32\profapi.dll
0x00007ffd5db90000 - 0x00007ffd5dba9000 	C:\Program Files\openjdk\openjdk-11.0.16_8\bin\net.dll
0x00007ffd59bc0000 - 0x00007ffd59cca000 	C:\WINDOWS\SYSTEM32\WINHTTP.dll
0x00007ffd63660000 - 0x00007ffd636ca000 	C:\WINDOWS\system32\mswsock.dll
0x00007ffd5db50000 - 0x00007ffd5db63000 	C:\Program Files\openjdk\openjdk-11.0.16_8\bin\nio.dll
0x00007ffd475f0000 - 0x00007ffd47617000 	C:\Users\A.U Computer\.gradle\native\e1d6ef7f7dcc3fd88c89a11ec53ec762bb8ba0a96d01ffa2cd45eb1d1d8dd5c5\windows-amd64\native-platform.dll
0x00007ffd31660000 - 0x00007ffd317a4000 	C:\Users\A.U Computer\.gradle\native\0d407fdbe67a94daf76414ababcb853783967236a71b16ec16e742cd7a986fd3\windows-amd64\native-platform-file-events.dll
0x00007ffd53270000 - 0x00007ffd53279000 	C:\Program Files\openjdk\openjdk-11.0.16_8\bin\management.dll
0x00007ffd4e6b0000 - 0x00007ffd4e6bb000 	C:\Program Files\openjdk\openjdk-11.0.16_8\bin\management_ext.dll
0x00007ffd638c0000 - 0x00007ffd638d8000 	C:\WINDOWS\SYSTEM32\CRYPTSP.dll
0x00007ffd62f90000 - 0x00007ffd62fc4000 	C:\WINDOWS\system32\rsaenh.dll
0x00007ffd64820000 - 0x00007ffd64847000 	C:\WINDOWS\System32\bcrypt.dll
0x00007ffd63ea0000 - 0x00007ffd63ece000 	C:\WINDOWS\SYSTEM32\USERENV.dll
0x00007ffd637f0000 - 0x00007ffd637fc000 	C:\WINDOWS\SYSTEM32\CRYPTBASE.dll
0x00007ffd63370000 - 0x00007ffd633ab000 	C:\WINDOWS\SYSTEM32\IPHLPAPI.DLL
0x00007ffd661b0000 - 0x00007ffd661b8000 	C:\WINDOWS\System32\NSI.dll
0x00007ffd592e0000 - 0x00007ffd592f7000 	C:\WINDOWS\SYSTEM32\dhcpcsvc6.DLL
0x00007ffd59260000 - 0x00007ffd5927d000 	C:\WINDOWS\SYSTEM32\dhcpcsvc.DLL
0x00007ffd633b0000 - 0x00007ffd6347a000 	C:\WINDOWS\SYSTEM32\DNSAPI.dll

dbghelp: loaded successfully - version: 4.0.5 - missing functions: none
symbol engine: initialized successfully - sym options: 0x614 - pdb path: .;C:\Program Files\openjdk\openjdk-11.0.16_8\bin;C:\WINDOWS\SYSTEM32;C:\WINDOWS\WinSxS\amd64_microsoft.windows.common-controls_6595b64144ccf1df_6.0.19041.1110_none_60b5254171f9507e;C:\Program Files\openjdk\openjdk-11.0.16_8\bin\server;C:\Users\A.U Computer\.gradle\native\e1d6ef7f7dcc3fd88c89a11ec53ec762bb8ba0a96d01ffa2cd45eb1d1d8dd5c5\windows-amd64;C:\Users\A.U Computer\.gradle\native\0d407fdbe67a94daf76414ababcb853783967236a71b16ec16e742cd7a986fd3\windows-amd64

VM Arguments:
jvm_args: --add-opens=java.base/java.util=ALL-UNNAMED --add-opens=java.base/java.lang=ALL-UNNAMED --add-opens=java.base/java.lang.invoke=ALL-UNNAMED --add-opens=java.base/java.util=ALL-UNNAMED --add-opens=java.prefs/java.util.prefs=ALL-UNNAMED --add-opens=java.prefs/java.util.prefs=ALL-UNNAMED --add-opens=java.base/java.nio.charset=ALL-UNNAMED --add-opens=java.base/java.net=ALL-UNNAMED --add-opens=java.base/java.util.concurrent.atomic=ALL-UNNAMED -Xmx2048m -Dfile.encoding=UTF-8 -Duser.country=US -Duser.language=en -Duser.variant 
java_command: org.gradle.launcher.daemon.bootstrap.GradleDaemon 7.4
java_class_path (initial): C:\Users\A.U Computer\.gradle\wrapper\dists\gradle-7.4-bin\c0gwcg53nkjbqw7r0h0umtfvt\gradle-7.4\lib\gradle-launcher-7.4.jar
Launcher Type: SUN_STANDARD

[Global flags]
     intx CICompilerCount                          = 3                                         {product} {ergonomic}
     uint ConcGCThreads                            = 1                                         {product} {ergonomic}
     uint G1ConcRefinementThreads                  = 4                                         {product} {ergonomic}
   size_t G1HeapRegionSize                         = 1048576                                   {product} {ergonomic}
    uintx GCDrainStackTargetSize                   = 64                                        {product} {ergonomic}
   size_t InitialHeapSize                          = 134217728                                 {product} {ergonomic}
   size_t MarkStackSize                            = 4194304                                   {product} {ergonomic}
   size_t MaxHeapSize                              = 2147483648                                {product} {command line}
   size_t MaxNewSize                               = 1287651328                                {product} {ergonomic}
   size_t MinHeapDeltaBytes                        = 1048576                                   {product} {ergonomic}
    uintx NonNMethodCodeHeapSize                   = 5830732                                {pd product} {ergonomic}
    uintx NonProfiledCodeHeapSize                  = 122913754                              {pd product} {ergonomic}
    uintx ProfiledCodeHeapSize                     = 122913754                              {pd product} {ergonomic}
    uintx ReservedCodeCacheSize                    = 251658240                              {pd product} {ergonomic}
     bool SegmentedCodeCache                       = true                                      {product} {ergonomic}
     bool UseCompressedClassPointers               = true                                 {lp64_product} {ergonomic}
     bool UseCompressedOops                        = true                                 {lp64_product} {ergonomic}
     bool UseG1GC                                  = true                                      {product} {ergonomic}
     bool UseLargePagesIndividualAllocation        = false                                  {pd product} {ergonomic}

Logging:
Log output configuration:
 #0: stdout all=warning uptime,level,tags
 #1: stderr all=off uptime,level,tags

Environment Variables:
JAVA_HOME=C:\Program Files\openjdk\openjdk-11.0.16_8
PATH=C:\WINDOWS\system32;C:\WINDOWS;C:\WINDOWS\System32\Wbem;C:\WINDOWS\System32\WindowsPowerShell\v1.0\;C:\WINDOWS\System32\OpenSSH\;C:\Users\A.U Computer\AppData\Roaming\nvm;C:\Program Files\nodejs;C:\ProgramData\chocolatey\bin;C:\Program Files\Git\cmd;C:\Program Files\openjdk\openjdk-11.0.16_8\bin;C:\Users\A.U Computer\AppData\Local\Microsoft\WindowsApps;C:\Users\A.U Computer\AppData\Local\Programs\Microsoft VS Code\bin;C:\Users\A.U Computer\AppData\Roaming\npm;C:\Users\A.U Computer\AppData\Roaming\nvm;C:\Program Files\nodejs;C:\Users\A.U Computer\AppData\Local\Android\Sdk\platform-tools;
USERNAME=A.U Computer
OS=Windows_NT
PROCESSOR_IDENTIFIER=Intel64 Family 6 Model 78 Stepping 3, GenuineIntel
TMP=C:\Users\A1C7A~1.UCO\AppData\Local\Temp
TEMP=C:\Users\A1C7A~1.UCO\AppData\Local\Temp



---------------  S Y S T E M  ---------------

OS: Windows 10 , 64 bit Build 19041 (10.0.19041.3155)
OS uptime: 0 days 1:42 hours
Hyper-V role detected

CPU:total 4 (initial active 4) (2 cores per cpu, 2 threads per core) family 6 model 78 stepping 3 microcode 0xcc, cmov, cx8, fxsr, mmx, sse, sse2, sse3, ssse3, sse4.1, sse4.2, popcnt, avx, avx2, aes, clmul, erms, rtm, 3dnowpref, lzcnt, ht, tsc, tscinvbit, bmi1, bmi2, adx, fma

Memory: 4k page, system-wide physical 8074M (448M free)
TotalPageFile size 10074M (AvailPageFile size 5M)
current process WorkingSet (physical memory assigned to process): 207M, peak: 209M
current process commit charge ("private bytes"): 271M, peak: 273M

vm_info: OpenJDK 64-Bit Server VM (11.0.16+8) for windows-amd64 JRE (11.0.16+8), built on Jul 17 2022 01:33:05 by "tester" with MS VC++ 15.9 (VS2017)

END.
