#
# There is insufficient memory for the Java Runtime Environment to continue.
# Native memory allocation (mmap) failed to map 47185920 bytes for Failed to commit area from 0x000000008de00000 to 0x0000000090b00000 of length 47185920.
# Possible reasons:
#   The system is out of physical RAM or swap space
#   The process is running with CompressedOops enabled, and the Java Heap may be blocking the growth of the native heap
# Possible solutions:
#   Reduce memory load on the system
#   Increase physical memory or swap space
#   Check if swap backing store is full
#   Decrease Java heap size (-Xmx/-Xms)
#   Decrease number of Java threads
#   Decrease Java thread stack sizes (-Xss)
#   Set larger code cache with -XX:ReservedCodeCacheSize=
#   JVM is running with Unscaled Compressed Oops mode in which the Java heap is
#     placed in the first 4GB address space. The Java Heap base address is the
#     maximum limit for the native heap growth. Please use -XX:HeapBaseMinAddress
#     to set the Java Heap base and to place the Java Heap above 4GB virtual address.
# This output file may be truncated or incomplete.
#
#  Out of Memory Error (./src/hotspot/os/windows/os_windows.cpp:3619), pid=9832, tid=13084
#
# JRE version: OpenJDK Runtime Environment (11.0.13) (build 11.0.13+0-b1751.21-8125866)
# Java VM: OpenJDK 64-Bit Server VM (11.0.13+0-b1751.21-8125866, mixed mode, tiered, compressed oops, g1 gc, windows-amd64)
# No core dump will be written. Minidumps are not enabled by default on client versions of Windows
#

---------------  S U M M A R Y ------------

Command Line: --add-opens=java.base/java.util=ALL-UNNAMED --add-opens=java.base/java.lang=ALL-UNNAMED --add-opens=java.base/java.lang.invoke=ALL-UNNAMED --add-opens=java.base/java.util=ALL-UNNAMED --add-opens=java.prefs/java.util.prefs=ALL-UNNAMED --add-opens=java.prefs/java.util.prefs=ALL-UNNAMED --add-opens=java.base/java.nio.charset=ALL-UNNAMED --add-opens=java.base/java.net=ALL-UNNAMED --add-opens=java.base/java.util.concurrent.atomic=ALL-UNNAMED -Xmx2048m -Dfile.encoding=UTF-8 -Duser.country=US -Duser.language=en -Duser.variant org.gradle.launcher.daemon.bootstrap.GradleDaemon 7.4

Host: Intel(R) Core(TM) i5-6300U CPU @ 2.40GHz, 4 cores, 7G,  Windows 10 , 64 bit Build 19041 (10.0.19041.3155)
Time: Mon Aug 14 14:29:59 2023 Pakistan Standard Time elapsed time: 17.559523 seconds (0d 0h 0m 17s)

---------------  T H R E A D  ---------------

Current thread (0x000001b6f8105800):  VMThread "VM Thread" [stack: 0x00000009f2900000,0x00000009f2a00000] [id=13084]

Stack: [0x00000009f2900000,0x00000009f2a00000]
[error occurred during error reporting (printing stack bounds), id 0xc0000005, EXCEPTION_ACCESS_VIOLATION (0xc0000005) at pc=0x000001b6e18a112d]

Native frames: (J=compiled Java code, j=interpreted, Vv=VM code, C=native code)
V  [jvm.dll+0x6100fa]
V  [jvm.dll+0x747090]
V  [jvm.dll+0x7486ad]
V  [jvm.dll+0x748ce5]
V  [jvm.dll+0x748c9b]
V  [jvm.dll+0x60f224]
V  [jvm.dll+0x60f9b8]
C  [ntdll.dll+0xa23df]
C  [ntdll.dll+0x514b4]
C  [ntdll.dll+0xa0eee]
C  0x000001b6e18a112d

VM_Operation (0x00000009f47fe030): G1CollectForAllocation, mode: safepoint, requested by thread 0x000001b6fb113000


---------------  P R O C E S S  ---------------

Threads class SMR info:
_java_thread_list=0x000001b6fbd829d0, length=36, elements={
0x000001b6ddd7b000, 0x000001b6f810d000, 0x000001b6f8117000, 0x000001b6f8ab2800,
0x000001b6f812a800, 0x000001b6f812c000, 0x000001b6f8131800, 0x000001b6f8136000,
0x000001b6f813b800, 0x000001b6f8bf3000, 0x000001b6fa145000, 0x000001b6fab44800,
0x000001b6f9c7f000, 0x000001b6f9f09800, 0x000001b6f9d72800, 0x000001b6fb222000,
0x000001b6fa558800, 0x000001b6fb526800, 0x000001b6facc6800, 0x000001b6fa958800,
0x000001b6fb20c000, 0x000001b6fb20d000, 0x000001b6fb20d800, 0x000001b6fb20b000,
0x000001b6fb116000, 0x000001b6fb112000, 0x000001b6fb113000, 0x000001b6fb113800,
0x000001b6fb114800, 0x000001b6fb110800, 0x000001b6fb111000, 0x000001b6fb119800,
0x000001b6fb11b000, 0x000001b6fb117000, 0x000001b6fb77a800, 0x000001b6fb115800
}

Java Threads: ( => current thread )
  0x000001b6ddd7b000 JavaThread "main" [_thread_blocked, id=8840, stack(0x00000009f2300000,0x00000009f2400000)]
  0x000001b6f810d000 JavaThread "Reference Handler" daemon [_thread_blocked, id=8764, stack(0x00000009f2a00000,0x00000009f2b00000)]
  0x000001b6f8117000 JavaThread "Finalizer" daemon [_thread_blocked, id=15180, stack(0x00000009f2b00000,0x00000009f2c00000)]
  0x000001b6f8ab2800 JavaThread "Signal Dispatcher" daemon [_thread_blocked, id=9544, stack(0x00000009f2c00000,0x00000009f2d00000)]
  0x000001b6f812a800 JavaThread "Attach Listener" daemon [_thread_blocked, id=8660, stack(0x00000009f2d00000,0x00000009f2e00000)]
  0x000001b6f812c000 JavaThread "Service Thread" daemon [_thread_blocked, id=15172, stack(0x00000009f2e00000,0x00000009f2f00000)]
  0x000001b6f8131800 JavaThread "C2 CompilerThread0" daemon [_thread_blocked, id=10956, stack(0x00000009f2f00000,0x00000009f3000000)]
  0x000001b6f8136000 JavaThread "C1 CompilerThread0" daemon [_thread_blocked, id=12944, stack(0x00000009f3000000,0x00000009f3100000)]
  0x000001b6f813b800 JavaThread "Sweeper thread" daemon [_thread_blocked, id=15256, stack(0x00000009f3100000,0x00000009f3200000)]
  0x000001b6f8bf3000 JavaThread "Common-Cleaner" daemon [_thread_blocked, id=15400, stack(0x00000009f3200000,0x00000009f3300000)]
  0x000001b6fa145000 JavaThread "Daemon health stats" [_thread_blocked, id=7560, stack(0x00000009f3700000,0x00000009f3800000)]
  0x000001b6fab44800 JavaThread "Incoming local TCP Connector on port 49451" [_thread_in_native, id=3792, stack(0x00000009f3400000,0x00000009f3500000)]
  0x000001b6f9c7f000 JavaThread "Daemon periodic checks" [_thread_blocked, id=16500, stack(0x00000009f3900000,0x00000009f3a00000)]
  0x000001b6f9f09800 JavaThread "Daemon" [_thread_blocked, id=16432, stack(0x00000009f3a00000,0x00000009f3b00000)]
  0x000001b6f9d72800 JavaThread "Handler for socket connection from /127.0.0.1:49451 to /127.0.0.1:49452" [_thread_in_native, id=6560, stack(0x00000009f3b00000,0x00000009f3c00000)]
  0x000001b6fb222000 JavaThread "Cancel handler" [_thread_blocked, id=10388, stack(0x00000009f3c00000,0x00000009f3d00000)]
  0x000001b6fa558800 JavaThread "Daemon worker" [_thread_blocked, id=12556, stack(0x00000009f3d00000,0x00000009f3e00000)]
  0x000001b6fb526800 JavaThread "Asynchronous log dispatcher for DefaultDaemonConnection: socket connection from /127.0.0.1:49451 to /127.0.0.1:49452" [_thread_blocked, id=5520, stack(0x00000009f3e00000,0x00000009f3f00000)]
  0x000001b6facc6800 JavaThread "Stdin handler" [_thread_blocked, id=8628, stack(0x00000009f3f00000,0x00000009f4000000)]
  0x000001b6fa958800 JavaThread "Daemon client event forwarder" [_thread_blocked, id=14264, stack(0x00000009f4000000,0x00000009f4100000)]
  0x000001b6fb20c000 JavaThread "Cache worker for journal cache (C:\Users\A.U Computer\.gradle\caches\journal-1)" [_thread_blocked, id=17008, stack(0x00000009f4100000,0x00000009f4200000)]
  0x000001b6fb20d000 JavaThread "File lock request listener" [_thread_in_native, id=12052, stack(0x00000009f4200000,0x00000009f4300000)]
  0x000001b6fb20d800 JavaThread "Cache worker for file hash cache (C:\Users\A.U Computer\.gradle\caches\7.4\fileHashes)" [_thread_blocked, id=15844, stack(0x00000009f4300000,0x00000009f4400000)]
  0x000001b6fb20b000 JavaThread "File watcher server" daemon [_thread_in_native, id=1344, stack(0x00000009f4500000,0x00000009f4600000)]
  0x000001b6fb116000 JavaThread "File watcher consumer" daemon [_thread_blocked, id=12740, stack(0x00000009f4600000,0x00000009f4700000)]
  0x000001b6fb112000 JavaThread "jar transforms" [_thread_blocked, id=11048, stack(0x00000009f4400000,0x00000009f4500000)]
  0x000001b6fb113000 JavaThread "jar transforms Thread 2" [_thread_blocked, id=13296, stack(0x00000009f4700000,0x00000009f4800000)]
  0x000001b6fb113800 JavaThread "jar transforms Thread 3" [_thread_blocked, id=14912, stack(0x00000009f4800000,0x00000009f4900000)]
  0x000001b6fb114800 JavaThread "jar transforms Thread 4" [_thread_blocked, id=12236, stack(0x00000009f4900000,0x00000009f4a00000)]
  0x000001b6fb110800 JavaThread "Cache worker for checksums cache (F:\dddell\reactNative\iTextKita\.gradle\7.4\checksums)" [_thread_blocked, id=9884, stack(0x00000009f4a00000,0x00000009f4b00000)]
  0x000001b6fb111000 JavaThread "Cache worker for cache directory md-rule (C:\Users\A.U Computer\.gradle\caches\7.4\md-rule)" [_thread_blocked, id=13448, stack(0x00000009f4b00000,0x00000009f4c00000)]
  0x000001b6fb119800 JavaThread "Cache worker for file hash cache (F:\dddell\reactNative\iTextKita\.gradle\7.4\fileHashes)" [_thread_blocked, id=4688, stack(0x00000009f4c00000,0x00000009f4d00000)]
  0x000001b6fb11b000 JavaThread "Cache worker for cache directory md-supplier (C:\Users\A.U Computer\.gradle\caches\7.4\md-supplier)" [_thread_blocked, id=5496, stack(0x00000009f4d00000,0x00000009f4e00000)]
  0x000001b6fb117000 JavaThread "Cache worker for execution history cache (C:\Users\A.U Computer\.gradle\caches\7.4\executionHistory)" [_thread_blocked, id=12892, stack(0x00000009f4e00000,0x00000009f4f00000)]
  0x000001b6fb77a800 JavaThread "C2 CompilerThread1" daemon [_thread_blocked, id=3484, stack(0x00000009f4f00000,0x00000009f5000000)]
  0x000001b6fb115800 JavaThread "Cache worker for file content cache (C:\Users\A.U Computer\.gradle\caches\7.4\fileContent)" [_thread_blocked, id=7760, stack(0x00000009f5000000,0x00000009f5100000)]

Other Threads:
=>0x000001b6f8105800 VMThread "VM Thread" [stack: 0x00000009f2900000,0x00000009f2a00000] [id=13084]
  0x000001b6f8bf3800 WatcherThread [stack: 0x00000009f3300000,0x00000009f3400000] [id=14152]
  0x000001b6ddd94000 GCTaskThread "GC Thread#0" [stack: 0x00000009f2400000,0x00000009f2500000] [id=4536]
  0x000001b6f923b800 GCTaskThread "GC Thread#1" [stack: 0x00000009f3500000,0x00000009f3600000] [id=14084]
  0x000001b6f8bf6800 GCTaskThread "GC Thread#2" [stack: 0x00000009f3600000,0x00000009f3700000] [id=15536]
  0x000001b6fb005000 GCTaskThread "GC Thread#3" [stack: 0x00000009f3800000,0x00000009f3900000] [id=16788]
  0x000001b6dddc4800 ConcurrentGCThread "G1 Main Marker" [stack: 0x00000009f2500000,0x00000009f2600000] [id=4648]
  0x000001b6dddc6000 ConcurrentGCThread "G1 Conc#0" [stack: 0x00000009f2600000,0x00000009f2700000] [id=13588]
  0x000001b6dde54800 ConcurrentGCThread "G1 Refine#0" [stack: 0x00000009f2700000,0x00000009f2800000] [id=16484]
  0x000001b6dde55800 ConcurrentGCThread "G1 Young RemSet Sampling" [stack: 0x00000009f2800000,0x00000009f2900000] [id=17136]

Threads with active compile tasks:
C2 CompilerThread0  17601 4473       4       org.objectweb.asm.ClassReader::readCode (5109 bytes)
C2 CompilerThread1  17601 4468       4       org.objectweb.asm.ClassWriter::toByteArray (1535 bytes)

VM state:at safepoint (normal execution)

VM Mutex/Monitor currently owned by a thread:  ([mutex/lock_event])
[0x000001b6ddd77370] Threads_lock - owner thread: 0x000001b6f8105800
[0x000001b6ddd77a30] Heap_lock - owner thread: 0x000001b6fb113000

Heap address: 0x0000000080000000, size: 2048 MB, Compressed Oops mode: 32-bit
Narrow klass base: 0x0000000000000000, Narrow klass shift: 3
Compressed class space size: 1073741824 Address: 0x0000000100000000

Heap:
 garbage-first heap   total 273408K, used 75149K [0x0000000080000000, 0x0000000100000000)
  region size 1024K, 9 young (9216K), 9 survivors (9216K)
 Metaspace       used 44208K, capacity 45291K, committed 45360K, reserved 1089536K
  class space    used 5596K, capacity 5997K, committed 6016K, reserved 1048576K
Heap Regions: E=young(eden), S=young(survivor), O=old, HS=humongous(starts), HC=humongous(continues), CS=collection set, F=free, A=archive, TAMS=top-at-mark-start (previous, next)
|   0|0x0000000080000000, 0x0000000080100000, 0x0000000080100000|100%|HS|  |TAMS 0x0000000080100000, 0x0000000080000000| Complete 
|   1|0x0000000080100000, 0x0000000080200000, 0x0000000080200000|100%|HC|  |TAMS 0x0000000080200000, 0x0000000080100000| Complete 
|   2|0x0000000080200000, 0x0000000080300000, 0x0000000080300000|100%|HC|  |TAMS 0x0000000080300000, 0x0000000080200000| Complete 
|   3|0x0000000080300000, 0x0000000080400000, 0x0000000080400000|100%| O|  |TAMS 0x0000000080400000, 0x0000000080300000| Untracked 
|   4|0x0000000080400000, 0x0000000080500000, 0x0000000080500000|100%| O|  |TAMS 0x0000000080500000, 0x0000000080400000| Untracked 
|   5|0x0000000080500000, 0x0000000080600000, 0x0000000080600000|100%| O|  |TAMS 0x0000000080600000, 0x0000000080500000| Untracked 
|   6|0x0000000080600000, 0x0000000080700000, 0x0000000080700000|100%| O|  |TAMS 0x0000000080700000, 0x0000000080600000| Untracked 
|   7|0x0000000080700000, 0x0000000080800000, 0x0000000080800000|100%| O|  |TAMS 0x0000000080800000, 0x0000000080700000| Untracked 
|   8|0x0000000080800000, 0x0000000080900000, 0x0000000080900000|100%| O|  |TAMS 0x0000000080900000, 0x0000000080800000| Untracked 
|   9|0x0000000080900000, 0x0000000080a00000, 0x0000000080a00000|100%| O|  |TAMS 0x0000000080a00000, 0x0000000080900000| Untracked 
|  10|0x0000000080a00000, 0x0000000080b00000, 0x0000000080b00000|100%| O|  |TAMS 0x0000000080b00000, 0x0000000080a00000| Untracked 
|  11|0x0000000080b00000, 0x0000000080c00000, 0x0000000080c00000|100%| O|  |TAMS 0x0000000080c00000, 0x0000000080b00000| Untracked 
|  12|0x0000000080c00000, 0x0000000080d00000, 0x0000000080d00000|100%| O|  |TAMS 0x0000000080d00000, 0x0000000080c00000| Untracked 
|  13|0x0000000080d00000, 0x0000000080e00000, 0x0000000080e00000|100%| O|  |TAMS 0x0000000080e00000, 0x0000000080d00000| Untracked 
|  14|0x0000000080e00000, 0x0000000080f00000, 0x0000000080f00000|100%| O|  |TAMS 0x0000000080f00000, 0x0000000080e00000| Untracked 
|  15|0x0000000080f00000, 0x0000000081000000, 0x0000000081000000|100%| O|  |TAMS 0x0000000081000000, 0x0000000080f00000| Untracked 
|  16|0x0000000081000000, 0x0000000081100000, 0x0000000081100000|100%|HS|  |TAMS 0x0000000081100000, 0x0000000081000000| Complete 
|  17|0x0000000081100000, 0x0000000081200000, 0x0000000081200000|100%|HC|  |TAMS 0x0000000081200000, 0x0000000081100000| Complete 
|  18|0x0000000081200000, 0x0000000081300000, 0x0000000081300000|100%|HS|  |TAMS 0x0000000081300000, 0x0000000081200000| Complete 
|  19|0x0000000081300000, 0x0000000081400000, 0x0000000081400000|100%|HC|  |TAMS 0x0000000081400000, 0x0000000081300000| Complete 
|  20|0x0000000081400000, 0x0000000081500000, 0x0000000081500000|100%|HC|  |TAMS 0x0000000081500000, 0x0000000081400000| Complete 
|  21|0x0000000081500000, 0x0000000081600000, 0x0000000081600000|100%|HS|  |TAMS 0x0000000081600000, 0x0000000081500000| Complete 
|  22|0x0000000081600000, 0x0000000081700000, 0x0000000081700000|100%|HC|  |TAMS 0x0000000081700000, 0x0000000081600000| Complete 
|  23|0x0000000081700000, 0x0000000081800000, 0x0000000081800000|100%|HC|  |TAMS 0x0000000081800000, 0x0000000081700000| Complete 
|  24|0x0000000081800000, 0x0000000081900000, 0x0000000081900000|100%|HS|  |TAMS 0x0000000081900000, 0x0000000081800000| Complete 
|  25|0x0000000081900000, 0x0000000081a00000, 0x0000000081a00000|100%|HC|  |TAMS 0x0000000081a00000, 0x0000000081900000| Complete 
|  26|0x0000000081a00000, 0x0000000081b00000, 0x0000000081b00000|100%|HC|  |TAMS 0x0000000081b00000, 0x0000000081a00000| Complete 
|  27|0x0000000081b00000, 0x0000000081c00000, 0x0000000081c00000|100%|HC|  |TAMS 0x0000000081c00000, 0x0000000081b00000| Complete 
|  28|0x0000000081c00000, 0x0000000081d00000, 0x0000000081d00000|100%|HC|  |TAMS 0x0000000081d00000, 0x0000000081c00000| Complete 
|  29|0x0000000081d00000, 0x0000000081e00000, 0x0000000081e00000|100%|HS|  |TAMS 0x0000000081e00000, 0x0000000081d00000| Complete 
|  30|0x0000000081e00000, 0x0000000081f00000, 0x0000000081f00000|100%|HS|  |TAMS 0x0000000081f00000, 0x0000000081e00000| Complete 
|  31|0x0000000081f00000, 0x0000000082000000, 0x0000000082000000|100%|HC|  |TAMS 0x0000000082000000, 0x0000000081f00000| Complete 
|  32|0x0000000082000000, 0x0000000082100000, 0x0000000082100000|100%|HC|  |TAMS 0x0000000082100000, 0x0000000082000000| Complete 
|  33|0x0000000082100000, 0x0000000082200000, 0x0000000082200000|100%|HC|  |TAMS 0x0000000082200000, 0x0000000082100000| Complete 
|  34|0x0000000082200000, 0x0000000082300000, 0x0000000082300000|100%| O|  |TAMS 0x0000000082300000, 0x0000000082200000| Untracked 
|  35|0x0000000082300000, 0x0000000082400000, 0x0000000082400000|100%| O|  |TAMS 0x0000000082400000, 0x0000000082300000| Untracked 
|  36|0x0000000082400000, 0x0000000082500000, 0x0000000082500000|100%| O|  |TAMS 0x0000000082500000, 0x0000000082400000| Untracked 
|  37|0x0000000082500000, 0x0000000082600000, 0x0000000082600000|100%| O|  |TAMS 0x0000000082600000, 0x0000000082500000| Untracked 
|  38|0x0000000082600000, 0x0000000082700000, 0x0000000082700000|100%| O|  |TAMS 0x0000000082700000, 0x0000000082600000| Untracked 
|  39|0x0000000082700000, 0x0000000082800000, 0x0000000082800000|100%| O|  |TAMS 0x0000000082800000, 0x0000000082700000| Untracked 
|  40|0x0000000082800000, 0x0000000082900000, 0x0000000082900000|100%| O|  |TAMS 0x0000000082900000, 0x0000000082800000| Untracked 
|  41|0x0000000082900000, 0x0000000082a00000, 0x0000000082a00000|100%| O|  |TAMS 0x0000000082a00000, 0x0000000082900000| Untracked 
|  42|0x0000000082a00000, 0x0000000082b00000, 0x0000000082b00000|100%| O|  |TAMS 0x0000000082b00000, 0x0000000082a00000| Untracked 
|  43|0x0000000082b00000, 0x0000000082c00000, 0x0000000082c00000|100%| O|  |TAMS 0x0000000082c00000, 0x0000000082b00000| Untracked 
|  44|0x0000000082c00000, 0x0000000082d00000, 0x0000000082d00000|100%|HS|  |TAMS 0x0000000082d00000, 0x0000000082c00000| Complete 
|  45|0x0000000082d00000, 0x0000000082e00000, 0x0000000082e00000|100%|HC|  |TAMS 0x0000000082e00000, 0x0000000082d00000| Complete 
|  46|0x0000000082e00000, 0x0000000082f00000, 0x0000000082f00000|100%|HC|  |TAMS 0x0000000082f00000, 0x0000000082e00000| Complete 
|  47|0x0000000082f00000, 0x0000000083000000, 0x0000000083000000|100%| O|  |TAMS 0x0000000083000000, 0x0000000082f00000| Untracked 
|  48|0x0000000083000000, 0x0000000083100000, 0x0000000083100000|100%| O|  |TAMS 0x0000000083100000, 0x0000000083000000| Untracked 
|  49|0x0000000083100000, 0x0000000083200000, 0x0000000083200000|100%| O|  |TAMS 0x0000000083200000, 0x0000000083100000| Untracked 
|  50|0x0000000083200000, 0x0000000083300000, 0x0000000083300000|100%| O|  |TAMS 0x0000000083300000, 0x0000000083200000| Untracked 
|  51|0x0000000083300000, 0x0000000083400000, 0x0000000083400000|100%| O|  |TAMS 0x0000000083400000, 0x0000000083300000| Untracked 
|  52|0x0000000083400000, 0x0000000083500000, 0x0000000083500000|100%|HS|  |TAMS 0x0000000083500000, 0x0000000083400000| Complete 
|  53|0x0000000083500000, 0x0000000083600000, 0x0000000083600000|100%|HC|  |TAMS 0x0000000083600000, 0x0000000083500000| Complete 
|  54|0x0000000083600000, 0x0000000083700000, 0x0000000083700000|100%|HC|  |TAMS 0x0000000083700000, 0x0000000083600000| Complete 
|  55|0x0000000083700000, 0x0000000083800000, 0x0000000083800000|100%|HS|  |TAMS 0x0000000083800000, 0x0000000083700000| Complete 
|  56|0x0000000083800000, 0x0000000083900000, 0x0000000083900000|100%|HS|  |TAMS 0x0000000083900000, 0x0000000083800000| Complete 
|  57|0x0000000083900000, 0x0000000083a00000, 0x0000000083a00000|100%|HC|  |TAMS 0x0000000083a00000, 0x0000000083900000| Complete 
|  58|0x0000000083a00000, 0x0000000083b00000, 0x0000000083b00000|100%|HC|  |TAMS 0x0000000083b00000, 0x0000000083a00000| Complete 
|  59|0x0000000083b00000, 0x0000000083c00000, 0x0000000083c00000|100%|HC|  |TAMS 0x0000000083c00000, 0x0000000083b00000| Complete 
|  60|0x0000000083c00000, 0x0000000083d00000, 0x0000000083d00000|100%| O|  |TAMS 0x0000000083d00000, 0x0000000083c00000| Untracked 
|  61|0x0000000083d00000, 0x0000000083e00000, 0x0000000083e00000|100%| O|  |TAMS 0x0000000083d98200, 0x0000000083d00000| Untracked 
|  62|0x0000000083e00000, 0x0000000083f00000, 0x0000000083f00000|100%| O|  |TAMS 0x0000000083e00000, 0x0000000083e00000| Untracked 
|  63|0x0000000083f00000, 0x0000000084000000, 0x0000000084000000|100%| O|  |TAMS 0x0000000083f00000, 0x0000000083f00000| Untracked 
|  64|0x0000000084000000, 0x0000000084000000, 0x0000000084100000|  0%| F|  |TAMS 0x0000000084000000, 0x0000000084000000| Untracked 
|  65|0x0000000084100000, 0x0000000084163400, 0x0000000084200000| 38%| O|  |TAMS 0x0000000084100000, 0x0000000084100000| Untracked 
|  66|0x0000000084200000, 0x0000000084200000, 0x0000000084300000|  0%| F|  |TAMS 0x0000000084200000, 0x0000000084200000| Untracked 
|  67|0x0000000084300000, 0x0000000084300000, 0x0000000084400000|  0%| F|  |TAMS 0x0000000084300000, 0x0000000084300000| Untracked 
|  68|0x0000000084400000, 0x0000000084400000, 0x0000000084500000|  0%| F|  |TAMS 0x0000000084400000, 0x0000000084400000| Untracked 
|  69|0x0000000084500000, 0x0000000084500000, 0x0000000084600000|  0%| F|  |TAMS 0x0000000084500000, 0x0000000084500000| Untracked 
|  70|0x0000000084600000, 0x0000000084600000, 0x0000000084700000|  0%| F|  |TAMS 0x0000000084600000, 0x0000000084600000| Untracked 
|  71|0x0000000084700000, 0x0000000084700000, 0x0000000084800000|  0%| F|  |TAMS 0x0000000084700000, 0x0000000084700000| Untracked 
|  72|0x0000000084800000, 0x0000000084800000, 0x0000000084900000|  0%| F|  |TAMS 0x0000000084800000, 0x0000000084800000| Untracked 
|  73|0x0000000084900000, 0x0000000084900000, 0x0000000084a00000|  0%| F|  |TAMS 0x0000000084900000, 0x0000000084900000| Untracked 
|  74|0x0000000084a00000, 0x0000000084a00000, 0x0000000084b00000|  0%| F|  |TAMS 0x0000000084a00000, 0x0000000084a00000| Untracked 
|  75|0x0000000084b00000, 0x0000000084b00000, 0x0000000084c00000|  0%| F|  |TAMS 0x0000000084b00000, 0x0000000084b00000| Untracked 
|  76|0x0000000084c00000, 0x0000000084c00000, 0x0000000084d00000|  0%| F|  |TAMS 0x0000000084c00000, 0x0000000084c00000| Untracked 
|  77|0x0000000084d00000, 0x0000000084d00000, 0x0000000084e00000|  0%| F|  |TAMS 0x0000000084d00000, 0x0000000084d00000| Untracked 
|  78|0x0000000084e00000, 0x0000000084e00000, 0x0000000084f00000|  0%| F|  |TAMS 0x0000000084e00000, 0x0000000084e00000| Untracked 
|  79|0x0000000084f00000, 0x0000000084f00000, 0x0000000085000000|  0%| F|  |TAMS 0x0000000084f00000, 0x0000000084f00000| Untracked 
|  80|0x0000000085000000, 0x0000000085000000, 0x0000000085100000|  0%| F|  |TAMS 0x0000000085000000, 0x0000000085000000| Untracked 
|  81|0x0000000085100000, 0x0000000085100000, 0x0000000085200000|  0%| F|  |TAMS 0x0000000085100000, 0x0000000085100000| Untracked 
|  82|0x0000000085200000, 0x0000000085200000, 0x0000000085300000|  0%| F|  |TAMS 0x0000000085200000, 0x0000000085200000| Untracked 
|  83|0x0000000085300000, 0x0000000085300000, 0x0000000085400000|  0%| F|  |TAMS 0x0000000085300000, 0x0000000085300000| Untracked 
|  84|0x0000000085400000, 0x0000000085400000, 0x0000000085500000|  0%| F|  |TAMS 0x0000000085400000, 0x0000000085400000| Untracked 
|  85|0x0000000085500000, 0x0000000085500000, 0x0000000085600000|  0%| F|  |TAMS 0x0000000085500000, 0x0000000085500000| Untracked 
|  86|0x0000000085600000, 0x0000000085600000, 0x0000000085700000|  0%| F|  |TAMS 0x0000000085600000, 0x0000000085600000| Untracked 
|  87|0x0000000085700000, 0x0000000085700000, 0x0000000085800000|  0%| F|  |TAMS 0x0000000085700000, 0x0000000085700000| Untracked 
|  88|0x0000000085800000, 0x0000000085800000, 0x0000000085900000|  0%| F|  |TAMS 0x0000000085800000, 0x0000000085800000| Untracked 
|  89|0x0000000085900000, 0x0000000085900000, 0x0000000085a00000|  0%| F|  |TAMS 0x0000000085900000, 0x0000000085900000| Untracked 
|  90|0x0000000085a00000, 0x0000000085a00000, 0x0000000085b00000|  0%| F|  |TAMS 0x0000000085a00000, 0x0000000085a00000| Untracked 
|  91|0x0000000085b00000, 0x0000000085b00000, 0x0000000085c00000|  0%| F|  |TAMS 0x0000000085b00000, 0x0000000085b00000| Untracked 
|  92|0x0000000085c00000, 0x0000000085c00000, 0x0000000085d00000|  0%| F|  |TAMS 0x0000000085c00000, 0x0000000085c00000| Untracked 
|  93|0x0000000085d00000, 0x0000000085d00000, 0x0000000085e00000|  0%| F|  |TAMS 0x0000000085d00000, 0x0000000085d00000| Untracked 
|  94|0x0000000085e00000, 0x0000000085e00000, 0x0000000085f00000|  0%| F|  |TAMS 0x0000000085e00000, 0x0000000085e00000| Untracked 
|  95|0x0000000085f00000, 0x0000000086000000, 0x0000000086000000|100%| S|CS|TAMS 0x0000000085f00000, 0x0000000085f00000| Complete 
|  96|0x0000000086000000, 0x0000000086100000, 0x0000000086100000|100%| S|CS|TAMS 0x0000000086000000, 0x0000000086000000| Complete 
|  97|0x0000000086100000, 0x0000000086100000, 0x0000000086200000|  0%| F|  |TAMS 0x0000000086100000, 0x0000000086100000| Untracked 
|  98|0x0000000086200000, 0x0000000086200000, 0x0000000086300000|  0%| F|  |TAMS 0x0000000086200000, 0x0000000086200000| Untracked 
|  99|0x0000000086300000, 0x0000000086300000, 0x0000000086400000|  0%| F|  |TAMS 0x0000000086300000, 0x0000000086300000| Untracked 
| 100|0x0000000086400000, 0x0000000086400000, 0x0000000086500000|  0%| F|  |TAMS 0x0000000086400000, 0x0000000086400000| Untracked 
| 101|0x0000000086500000, 0x0000000086500000, 0x0000000086600000|  0%| F|  |TAMS 0x0000000086500000, 0x0000000086500000| Untracked 
| 102|0x0000000086600000, 0x0000000086600000, 0x0000000086700000|  0%| F|  |TAMS 0x0000000086600000, 0x0000000086600000| Untracked 
| 103|0x0000000086700000, 0x0000000086700000, 0x0000000086800000|  0%| F|  |TAMS 0x0000000086700000, 0x0000000086700000| Untracked 
| 104|0x0000000086800000, 0x0000000086800000, 0x0000000086900000|  0%| F|  |TAMS 0x0000000086800000, 0x0000000086800000| Untracked 
| 105|0x0000000086900000, 0x0000000086900000, 0x0000000086a00000|  0%| F|  |TAMS 0x0000000086900000, 0x0000000086900000| Untracked 
| 106|0x0000000086a00000, 0x0000000086b00000, 0x0000000086b00000|100%| S|CS|TAMS 0x0000000086a00000, 0x0000000086a00000| Complete 
| 107|0x0000000086b00000, 0x0000000086c00000, 0x0000000086c00000|100%| S|CS|TAMS 0x0000000086b00000, 0x0000000086b00000| Complete 
| 108|0x0000000086c00000, 0x0000000086d00000, 0x0000000086d00000|100%| S|CS|TAMS 0x0000000086c00000, 0x0000000086c00000| Complete 
| 109|0x0000000086d00000, 0x0000000086e00000, 0x0000000086e00000|100%| S|CS|TAMS 0x0000000086d00000, 0x0000000086d00000| Complete 
| 110|0x0000000086e00000, 0x0000000086f00000, 0x0000000086f00000|100%| S|CS|TAMS 0x0000000086e00000, 0x0000000086e00000| Complete 
| 111|0x0000000086f00000, 0x0000000087000000, 0x0000000087000000|100%| S|CS|TAMS 0x0000000086f00000, 0x0000000086f00000| Complete 
| 112|0x0000000087000000, 0x0000000087100000, 0x0000000087100000|100%| S|CS|TAMS 0x0000000087000000, 0x0000000087000000| Complete 
| 113|0x0000000087100000, 0x0000000087100000, 0x0000000087200000|  0%| F|  |TAMS 0x0000000087100000, 0x0000000087100000| Untracked 
| 114|0x0000000087200000, 0x0000000087200000, 0x0000000087300000|  0%| F|  |TAMS 0x0000000087200000, 0x0000000087200000| Untracked 
| 115|0x0000000087300000, 0x0000000087300000, 0x0000000087400000|  0%| F|  |TAMS 0x0000000087300000, 0x0000000087300000| Untracked 
| 116|0x0000000087400000, 0x0000000087400000, 0x0000000087500000|  0%| F|  |TAMS 0x0000000087400000, 0x0000000087400000| Untracked 
| 117|0x0000000087500000, 0x0000000087500000, 0x0000000087600000|  0%| F|  |TAMS 0x0000000087500000, 0x0000000087500000| Untracked 
| 118|0x0000000087600000, 0x0000000087600000, 0x0000000087700000|  0%| F|  |TAMS 0x0000000087600000, 0x0000000087600000| Untracked 
| 119|0x0000000087700000, 0x0000000087700000, 0x0000000087800000|  0%| F|  |TAMS 0x0000000087700000, 0x0000000087700000| Untracked 
| 120|0x0000000087800000, 0x0000000087800000, 0x0000000087900000|  0%| F|  |TAMS 0x0000000087800000, 0x0000000087800000| Untracked 
| 121|0x0000000087900000, 0x0000000087900000, 0x0000000087a00000|  0%| F|  |TAMS 0x0000000087900000, 0x0000000087900000| Untracked 
| 122|0x0000000087a00000, 0x0000000087a00000, 0x0000000087b00000|  0%| F|  |TAMS 0x0000000087a00000, 0x0000000087a00000| Untracked 
| 123|0x0000000087b00000, 0x0000000087b00000, 0x0000000087c00000|  0%| F|  |TAMS 0x0000000087b00000, 0x0000000087b00000| Untracked 
| 124|0x0000000087c00000, 0x0000000087c00000, 0x0000000087d00000|  0%| F|  |TAMS 0x0000000087c00000, 0x0000000087c00000| Untracked 
| 125|0x0000000087d00000, 0x0000000087d00000, 0x0000000087e00000|  0%| F|  |TAMS 0x0000000087d00000, 0x0000000087d00000| Untracked 
| 126|0x0000000087e00000, 0x0000000087e00000, 0x0000000087f00000|  0%| F|  |TAMS 0x0000000087e00000, 0x0000000087e00000| Untracked 
| 127|0x0000000087f00000, 0x0000000087f00000, 0x0000000088000000|  0%| F|  |TAMS 0x0000000087f00000, 0x0000000087f00000| Untracked 
| 128|0x0000000088000000, 0x0000000088000000, 0x0000000088100000|  0%| F|  |TAMS 0x0000000088000000, 0x0000000088000000| Untracked 
| 129|0x0000000088100000, 0x0000000088100000, 0x0000000088200000|  0%| F|  |TAMS 0x0000000088100000, 0x0000000088100000| Untracked 
| 130|0x0000000088200000, 0x0000000088200000, 0x0000000088300000|  0%| F|  |TAMS 0x0000000088200000, 0x0000000088200000| Untracked 
| 131|0x0000000088300000, 0x0000000088300000, 0x0000000088400000|  0%| F|  |TAMS 0x0000000088300000, 0x0000000088300000| Untracked 
| 132|0x0000000088400000, 0x0000000088400000, 0x0000000088500000|  0%| F|  |TAMS 0x0000000088400000, 0x0000000088400000| Untracked 
| 133|0x0000000088500000, 0x0000000088500000, 0x0000000088600000|  0%| F|  |TAMS 0x0000000088500000, 0x0000000088500000| Untracked 
| 134|0x0000000088600000, 0x0000000088600000, 0x0000000088700000|  0%| F|  |TAMS 0x0000000088600000, 0x0000000088600000| Untracked 
| 135|0x0000000088700000, 0x0000000088700000, 0x0000000088800000|  0%| F|  |TAMS 0x0000000088700000, 0x0000000088700000| Untracked 
| 136|0x0000000088800000, 0x0000000088800000, 0x0000000088900000|  0%| F|  |TAMS 0x0000000088800000, 0x0000000088800000| Untracked 
| 137|0x0000000088900000, 0x0000000088900000, 0x0000000088a00000|  0%| F|  |TAMS 0x0000000088900000, 0x0000000088900000| Untracked 
| 138|0x0000000088a00000, 0x0000000088a00000, 0x0000000088b00000|  0%| F|  |TAMS 0x0000000088a00000, 0x0000000088a00000| Untracked 
| 139|0x0000000088b00000, 0x0000000088b00000, 0x0000000088c00000|  0%| F|  |TAMS 0x0000000088b00000, 0x0000000088b00000| Untracked 
| 140|0x0000000088c00000, 0x0000000088c00000, 0x0000000088d00000|  0%| F|  |TAMS 0x0000000088c00000, 0x0000000088c00000| Untracked 
| 141|0x0000000088d00000, 0x0000000088d00000, 0x0000000088e00000|  0%| F|  |TAMS 0x0000000088d00000, 0x0000000088d00000| Untracked 
| 142|0x0000000088e00000, 0x0000000088e00000, 0x0000000088f00000|  0%| F|  |TAMS 0x0000000088e00000, 0x0000000088e00000| Untracked 
| 143|0x0000000088f00000, 0x0000000088f00000, 0x0000000089000000|  0%| F|  |TAMS 0x0000000088f00000, 0x0000000088f00000| Untracked 
| 144|0x0000000089000000, 0x0000000089000000, 0x0000000089100000|  0%| F|  |TAMS 0x0000000089000000, 0x0000000089000000| Untracked 
| 145|0x0000000089100000, 0x0000000089100000, 0x0000000089200000|  0%| F|  |TAMS 0x0000000089100000, 0x0000000089100000| Untracked 
| 146|0x0000000089200000, 0x0000000089200000, 0x0000000089300000|  0%| F|  |TAMS 0x0000000089200000, 0x0000000089200000| Untracked 
| 147|0x0000000089300000, 0x0000000089300000, 0x0000000089400000|  0%| F|  |TAMS 0x0000000089300000, 0x0000000089300000| Untracked 
| 148|0x0000000089400000, 0x0000000089400000, 0x0000000089500000|  0%| F|  |TAMS 0x0000000089400000, 0x0000000089400000| Untracked 
| 149|0x0000000089500000, 0x0000000089500000, 0x0000000089600000|  0%| F|  |TAMS 0x0000000089500000, 0x0000000089500000| Untracked 
| 150|0x0000000089600000, 0x0000000089600000, 0x0000000089700000|  0%| F|  |TAMS 0x0000000089600000, 0x0000000089600000| Untracked 
| 151|0x0000000089700000, 0x0000000089700000, 0x0000000089800000|  0%| F|  |TAMS 0x0000000089700000, 0x0000000089700000| Untracked 
| 152|0x0000000089800000, 0x0000000089800000, 0x0000000089900000|  0%| F|  |TAMS 0x0000000089800000, 0x0000000089800000| Untracked 
| 153|0x0000000089900000, 0x0000000089900000, 0x0000000089a00000|  0%| F|  |TAMS 0x0000000089900000, 0x0000000089900000| Untracked 
| 154|0x0000000089a00000, 0x0000000089a00000, 0x0000000089b00000|  0%| F|  |TAMS 0x0000000089a00000, 0x0000000089a00000| Untracked 
| 155|0x0000000089b00000, 0x0000000089b00000, 0x0000000089c00000|  0%| F|  |TAMS 0x0000000089b00000, 0x0000000089b00000| Untracked 
| 156|0x0000000089c00000, 0x0000000089c00000, 0x0000000089d00000|  0%| F|  |TAMS 0x0000000089c00000, 0x0000000089c00000| Untracked 
| 157|0x0000000089d00000, 0x0000000089d00000, 0x0000000089e00000|  0%| F|  |TAMS 0x0000000089d00000, 0x0000000089d00000| Untracked 
| 158|0x0000000089e00000, 0x0000000089e00000, 0x0000000089f00000|  0%| F|  |TAMS 0x0000000089e00000, 0x0000000089e00000| Untracked 
| 159|0x0000000089f00000, 0x0000000089f00000, 0x000000008a000000|  0%| F|  |TAMS 0x0000000089f00000, 0x0000000089f00000| Untracked 
| 160|0x000000008a000000, 0x000000008a000000, 0x000000008a100000|  0%| F|  |TAMS 0x000000008a000000, 0x000000008a000000| Untracked 
| 161|0x000000008a100000, 0x000000008a100000, 0x000000008a200000|  0%| F|  |TAMS 0x000000008a100000, 0x000000008a100000| Untracked 
| 162|0x000000008a200000, 0x000000008a200000, 0x000000008a300000|  0%| F|  |TAMS 0x000000008a200000, 0x000000008a200000| Untracked 
| 163|0x000000008a300000, 0x000000008a300000, 0x000000008a400000|  0%| F|  |TAMS 0x000000008a300000, 0x000000008a300000| Untracked 
| 164|0x000000008a400000, 0x000000008a400000, 0x000000008a500000|  0%| F|  |TAMS 0x000000008a400000, 0x000000008a400000| Untracked 
| 165|0x000000008a500000, 0x000000008a500000, 0x000000008a600000|  0%| F|  |TAMS 0x000000008a500000, 0x000000008a500000| Untracked 
| 166|0x000000008a600000, 0x000000008a600000, 0x000000008a700000|  0%| F|  |TAMS 0x000000008a600000, 0x000000008a600000| Untracked 
| 167|0x000000008a700000, 0x000000008a700000, 0x000000008a800000|  0%| F|  |TAMS 0x000000008a700000, 0x000000008a700000| Untracked 
| 168|0x000000008a800000, 0x000000008a800000, 0x000000008a900000|  0%| F|  |TAMS 0x000000008a800000, 0x000000008a800000| Untracked 
| 169|0x000000008a900000, 0x000000008a900000, 0x000000008aa00000|  0%| F|  |TAMS 0x000000008a900000, 0x000000008a900000| Untracked 
| 170|0x000000008aa00000, 0x000000008aa00000, 0x000000008ab00000|  0%| F|  |TAMS 0x000000008aa00000, 0x000000008aa00000| Untracked 
| 171|0x000000008ab00000, 0x000000008ab00000, 0x000000008ac00000|  0%| F|  |TAMS 0x000000008ab00000, 0x000000008ab00000| Untracked 
| 172|0x000000008ac00000, 0x000000008ac00000, 0x000000008ad00000|  0%| F|  |TAMS 0x000000008ac00000, 0x000000008ac00000| Untracked 
| 173|0x000000008ad00000, 0x000000008ad00000, 0x000000008ae00000|  0%| F|  |TAMS 0x000000008ad00000, 0x000000008ad00000| Untracked 
| 174|0x000000008ae00000, 0x000000008ae00000, 0x000000008af00000|  0%| F|  |TAMS 0x000000008ae00000, 0x000000008ae00000| Untracked 
| 175|0x000000008af00000, 0x000000008af00000, 0x000000008b000000|  0%| F|  |TAMS 0x000000008af00000, 0x000000008af00000| Untracked 
| 176|0x000000008b000000, 0x000000008b000000, 0x000000008b100000|  0%| F|  |TAMS 0x000000008b000000, 0x000000008b000000| Untracked 
| 177|0x000000008b100000, 0x000000008b100000, 0x000000008b200000|  0%| F|  |TAMS 0x000000008b100000, 0x000000008b100000| Untracked 
| 178|0x000000008b200000, 0x000000008b200000, 0x000000008b300000|  0%| F|  |TAMS 0x000000008b200000, 0x000000008b200000| Untracked 
| 179|0x000000008b300000, 0x000000008b300000, 0x000000008b400000|  0%| F|  |TAMS 0x000000008b300000, 0x000000008b300000| Untracked 
| 180|0x000000008b400000, 0x000000008b400000, 0x000000008b500000|  0%| F|  |TAMS 0x000000008b400000, 0x000000008b400000| Untracked 
| 181|0x000000008b500000, 0x000000008b500000, 0x000000008b600000|  0%| F|  |TAMS 0x000000008b500000, 0x000000008b500000| Untracked 
| 182|0x000000008b600000, 0x000000008b600000, 0x000000008b700000|  0%| F|  |TAMS 0x000000008b600000, 0x000000008b600000| Untracked 
| 183|0x000000008b700000, 0x000000008b700000, 0x000000008b800000|  0%| F|  |TAMS 0x000000008b700000, 0x000000008b700000| Untracked 
| 184|0x000000008b800000, 0x000000008b800000, 0x000000008b900000|  0%| F|  |TAMS 0x000000008b800000, 0x000000008b800000| Untracked 
| 185|0x000000008b900000, 0x000000008b900000, 0x000000008ba00000|  0%| F|  |TAMS 0x000000008b900000, 0x000000008b900000| Untracked 
| 186|0x000000008ba00000, 0x000000008ba00000, 0x000000008bb00000|  0%| F|  |TAMS 0x000000008ba00000, 0x000000008ba00000| Untracked 
| 187|0x000000008bb00000, 0x000000008bb00000, 0x000000008bc00000|  0%| F|  |TAMS 0x000000008bb00000, 0x000000008bb00000| Untracked 
| 188|0x000000008bc00000, 0x000000008bc00000, 0x000000008bd00000|  0%| F|  |TAMS 0x000000008bc00000, 0x000000008bc00000| Untracked 
| 189|0x000000008bd00000, 0x000000008bd00000, 0x000000008be00000|  0%| F|  |TAMS 0x000000008bd00000, 0x000000008bd00000| Untracked 
| 190|0x000000008be00000, 0x000000008be00000, 0x000000008bf00000|  0%| F|  |TAMS 0x000000008be00000, 0x000000008be00000| Untracked 
| 191|0x000000008bf00000, 0x000000008bf00000, 0x000000008c000000|  0%| F|  |TAMS 0x000000008bf00000, 0x000000008bf00000| Untracked 
| 192|0x000000008c000000, 0x000000008c000000, 0x000000008c100000|  0%| F|  |TAMS 0x000000008c000000, 0x000000008c000000| Untracked 
| 193|0x000000008c100000, 0x000000008c100000, 0x000000008c200000|  0%| F|  |TAMS 0x000000008c100000, 0x000000008c100000| Untracked 
| 194|0x000000008c200000, 0x000000008c200000, 0x000000008c300000|  0%| F|  |TAMS 0x000000008c200000, 0x000000008c200000| Untracked 
| 195|0x000000008c300000, 0x000000008c300000, 0x000000008c400000|  0%| F|  |TAMS 0x000000008c300000, 0x000000008c300000| Untracked 
| 196|0x000000008c400000, 0x000000008c400000, 0x000000008c500000|  0%| F|  |TAMS 0x000000008c400000, 0x000000008c400000| Untracked 
| 197|0x000000008c500000, 0x000000008c500000, 0x000000008c600000|  0%| F|  |TAMS 0x000000008c500000, 0x000000008c500000| Untracked 
| 198|0x000000008c600000, 0x000000008c600000, 0x000000008c700000|  0%| F|  |TAMS 0x000000008c600000, 0x000000008c600000| Untracked 
| 199|0x000000008c700000, 0x000000008c700000, 0x000000008c800000|  0%| F|  |TAMS 0x000000008c700000, 0x000000008c700000| Untracked 
| 200|0x000000008c800000, 0x000000008c800000, 0x000000008c900000|  0%| F|  |TAMS 0x000000008c800000, 0x000000008c800000| Untracked 
| 201|0x000000008c900000, 0x000000008c900000, 0x000000008ca00000|  0%| F|  |TAMS 0x000000008c900000, 0x000000008c900000| Untracked 
| 202|0x000000008ca00000, 0x000000008ca00000, 0x000000008cb00000|  0%| F|  |TAMS 0x000000008ca00000, 0x000000008ca00000| Untracked 
| 203|0x000000008cb00000, 0x000000008cb00000, 0x000000008cc00000|  0%| F|  |TAMS 0x000000008cb00000, 0x000000008cb00000| Untracked 
| 204|0x000000008cc00000, 0x000000008cc00000, 0x000000008cd00000|  0%| F|  |TAMS 0x000000008cc00000, 0x000000008cc00000| Untracked 
| 205|0x000000008cd00000, 0x000000008cd00000, 0x000000008ce00000|  0%| F|  |TAMS 0x000000008cd00000, 0x000000008cd00000| Untracked 
| 206|0x000000008ce00000, 0x000000008ce00000, 0x000000008cf00000|  0%| F|  |TAMS 0x000000008ce00000, 0x000000008ce00000| Untracked 
| 207|0x000000008cf00000, 0x000000008cf00000, 0x000000008d000000|  0%| F|  |TAMS 0x000000008cf00000, 0x000000008cf00000| Untracked 
| 208|0x000000008d000000, 0x000000008d000000, 0x000000008d100000|  0%| F|  |TAMS 0x000000008d000000, 0x000000008d000000| Untracked 
| 209|0x000000008d100000, 0x000000008d100000, 0x000000008d200000|  0%| F|  |TAMS 0x000000008d100000, 0x000000008d100000| Untracked 
| 210|0x000000008d200000, 0x000000008d200000, 0x000000008d300000|  0%| F|  |TAMS 0x000000008d200000, 0x000000008d200000| Untracked 
| 211|0x000000008d300000, 0x000000008d300000, 0x000000008d400000|  0%| F|  |TAMS 0x000000008d300000, 0x000000008d300000| Untracked 
| 212|0x000000008d400000, 0x000000008d400000, 0x000000008d500000|  0%| F|  |TAMS 0x000000008d400000, 0x000000008d400000| Untracked 
| 213|0x000000008d500000, 0x000000008d500000, 0x000000008d600000|  0%| F|  |TAMS 0x000000008d500000, 0x000000008d500000| Untracked 
| 214|0x000000008d600000, 0x000000008d600000, 0x000000008d700000|  0%| F|  |TAMS 0x000000008d600000, 0x000000008d600000| Untracked 
| 215|0x000000008d700000, 0x000000008d700000, 0x000000008d800000|  0%| F|  |TAMS 0x000000008d700000, 0x000000008d700000| Untracked 
| 216|0x000000008d800000, 0x000000008d800000, 0x000000008d900000|  0%| F|  |TAMS 0x000000008d800000, 0x000000008d800000| Untracked 
| 217|0x000000008d900000, 0x000000008d900000, 0x000000008da00000|  0%| F|  |TAMS 0x000000008d900000, 0x000000008d900000| Untracked 
| 218|0x000000008da00000, 0x000000008da00000, 0x000000008db00000|  0%| F|  |TAMS 0x000000008da00000, 0x000000008da00000| Untracked 
| 219|0x000000008db00000, 0x000000008db00000, 0x000000008dc00000|  0%| F|  |TAMS 0x000000008db00000, 0x000000008db00000| Untracked 
| 220|0x000000008dc00000, 0x000000008dc00000, 0x000000008dd00000|  0%| F|  |TAMS 0x000000008dc00000, 0x000000008dc00000| Untracked 
| 221|0x000000008dd00000, 0x000000008dd00000, 0x000000008de00000|  0%| F|  |TAMS 0x000000008dd00000, 0x000000008dd00000| Untracked 

Card table byte_map: [0x000001b6f12d0000,0x000001b6f16d0000] _byte_map_base: 0x000001b6f0ed0000

Marking Bits (Prev, Next): (CMBitMap*) 0x000001b6dddbbe70, (CMBitMap*) 0x000001b6dddbbe38
 Prev Bits: [0x000001b6f3ad0000, 0x000001b6f5ad0000)
 Next Bits: [0x000001b6f1ad0000, 0x000001b6f3ad0000)

Polling page: 0x000001b6dc590000

Metaspace:

Usage:
  Non-class:     38.37 MB capacity,    37.71 MB ( 98%) used,   570.29 KB (  1%) free+waste,   111.94 KB ( <1%) overhead. 
      Class:      5.86 MB capacity,     5.47 MB ( 93%) used,   346.70 KB (  6%) free+waste,    53.88 KB ( <1%) overhead. 
       Both:     44.23 MB capacity,    43.17 MB ( 98%) used,   916.98 KB (  2%) free+waste,   165.81 KB ( <1%) overhead. 

Virtual space:
  Non-class space:       40.00 MB reserved,      38.42 MB ( 96%) committed 
      Class space:        1.00 GB reserved,       5.88 MB ( <1%) committed 
             Both:        1.04 GB reserved,      44.30 MB (  4%) committed 

Chunk freelists:
   Non-Class:  50.00 KB
       Class:  0 bytes
        Both:  50.00 KB

MaxMetaspaceSize: 17179869184.00 GB
CompressedClassSpaceSize: 1.00 GB
Initial GC threshold: 20.80 MB
Current GC threshold: 73.83 MB
CDS: off

CodeHeap 'non-profiled nmethods': size=120064Kb used=3094Kb max_used=3094Kb free=116969Kb
 bounds [0x000001b6e9360000, 0x000001b6e9670000, 0x000001b6f08a0000]
CodeHeap 'profiled nmethods': size=120000Kb used=9650Kb max_used=9650Kb free=110349Kb
 bounds [0x000001b6e1e30000, 0x000001b6e27a0000, 0x000001b6e9360000]
CodeHeap 'non-nmethods': size=5696Kb used=2283Kb max_used=2367Kb free=3412Kb
 bounds [0x000001b6e18a0000, 0x000001b6e1b10000, 0x000001b6e1e30000]
 total_blobs=5155 nmethods=4376 adapters=691
 compilation: enabled
              stopped_count=0, restarted_count=0
 full_count=0

Compilation events (20 events):
Event: 16.276 Thread 0x000001b6fb77a800 nmethod 4058 0x000001b6e963d690 code [0x000001b6e963d860, 0x000001b6e963e2d8]
Event: 16.276 Thread 0x000001b6fb77a800 4108       4       org.objectweb.asm.MethodWriter::visitLabel (328 bytes)
Event: 16.332 Thread 0x000001b6fb77a800 nmethod 4108 0x000001b6e963e790 code [0x000001b6e963e960, 0x000001b6e963fd38]
Event: 16.332 Thread 0x000001b6fb77a800 4119       4       org.objectweb.asm.ClassReader::readClass (7 bytes)
Event: 16.342 Thread 0x000001b6fb77a800 nmethod 4119 0x000001b6e9640110 code [0x000001b6e96402c0, 0x000001b6e9640688]
Event: 16.342 Thread 0x000001b6fb77a800 4149       4       org.objectweb.asm.MethodVisitor::visitMethodInsn (80 bytes)
Event: 16.448 Thread 0x000001b6f8136000 4465       2       org.objectweb.asm.MethodWriter::putMethodInfo (1274 bytes)
Event: 16.455 Thread 0x000001b6f8136000 nmethod 4465 0x000001b6e2798390 code [0x000001b6e2798900, 0x000001b6e2799dc8]
Event: 16.575 Thread 0x000001b6f8136000 4466       2       org.objectweb.asm.ClassReader::readBootstrapMethodsAttribute (131 bytes)
Event: 16.577 Thread 0x000001b6f8136000 nmethod 4466 0x000001b6e279b090 code [0x000001b6e279b2c0, 0x000001b6e279b968]
Event: 16.839 Thread 0x000001b6f8136000 4469 %     3       org.objectweb.asm.AnnotationWriter::computeParameterAnnotationsSize @ 10 (51 bytes)
Event: 16.841 Thread 0x000001b6f8136000 nmethod 4469% 0x000001b6e279be10 code [0x000001b6e279bfe0, 0x000001b6e279c308]
Event: 16.844 Thread 0x000001b6f8136000 4470       3       org.objectweb.asm.AnnotationWriter::computeParameterAnnotationsSize (51 bytes)
Event: 16.844 Thread 0x000001b6f8136000 nmethod 4470 0x000001b6e279c490 code [0x000001b6e279c660, 0x000001b6e279c8e8]
Event: 16.912 Thread 0x000001b6fb77a800 nmethod 4149 0x000001b6e9640990 code [0x000001b6e9640d60, 0x000001b6e9645ba0]
Event: 16.913 Thread 0x000001b6fb77a800 4468       4       org.objectweb.asm.ClassWriter::toByteArray (1535 bytes)
Event: 17.313 Thread 0x000001b6f8131800 nmethod 4429% 0x000001b6e9648290 code [0x000001b6e9648d60, 0x000001b6e965ac10]
Event: 17.314 Thread 0x000001b6f8131800 4467       4       org.apache.tools.zip.ZipOutputStream::flushDeflater (40 bytes)
Event: 17.333 Thread 0x000001b6f8131800 nmethod 4467 0x000001b6e9664610 code [0x000001b6e9664800, 0x000001b6e96654d8]
Event: 17.333 Thread 0x000001b6f8131800 4473       4       org.objectweb.asm.ClassReader::readCode (5109 bytes)

GC Heap History (20 events):
Event: 13.708 GC heap after
{Heap after GC invocations=28 (full 0):
 garbage-first heap   total 157696K, used 67624K [0x0000000080000000, 0x0000000100000000)
  region size 1024K, 3 young (3072K), 3 survivors (3072K)
 Metaspace       used 44143K, capacity 45227K, committed 45360K, reserved 1089536K
  class space    used 5587K, capacity 5997K, committed 6016K, reserved 1048576K
}
Event: 13.871 GC heap before
{Heap before GC invocations=28 (full 0):
 garbage-first heap   total 157696K, used 120872K [0x0000000080000000, 0x0000000100000000)
  region size 1024K, 55 young (56320K), 3 survivors (3072K)
 Metaspace       used 44143K, capacity 45227K, committed 45360K, reserved 1089536K
  class space    used 5587K, capacity 5997K, committed 6016K, reserved 1048576K
}
Event: 13.876 GC heap after
{Heap after GC invocations=29 (full 0):
 garbage-first heap   total 157696K, used 68276K [0x0000000080000000, 0x0000000100000000)
  region size 1024K, 4 young (4096K), 4 survivors (4096K)
 Metaspace       used 44143K, capacity 45227K, committed 45360K, reserved 1089536K
  class space    used 5587K, capacity 5997K, committed 6016K, reserved 1048576K
}
Event: 14.065 GC heap before
{Heap before GC invocations=29 (full 0):
 garbage-first heap   total 157696K, used 122548K [0x0000000080000000, 0x0000000100000000)
  region size 1024K, 57 young (58368K), 4 survivors (4096K)
 Metaspace       used 44147K, capacity 45227K, committed 45360K, reserved 1089536K
  class space    used 5587K, capacity 5997K, committed 6016K, reserved 1048576K
}
Event: 14.072 GC heap after
{Heap after GC invocations=30 (full 0):
 garbage-first heap   total 189440K, used 68702K [0x0000000080000000, 0x0000000100000000)
  region size 1024K, 4 young (4096K), 4 survivors (4096K)
 Metaspace       used 44147K, capacity 45227K, committed 45360K, reserved 1089536K
  class space    used 5587K, capacity 5997K, committed 6016K, reserved 1048576K
}
Event: 14.616 GC heap before
{Heap before GC invocations=30 (full 0):
 garbage-first heap   total 189440K, used 137310K [0x0000000080000000, 0x0000000100000000)
  region size 1024K, 71 young (72704K), 4 survivors (4096K)
 Metaspace       used 44147K, capacity 45227K, committed 45360K, reserved 1089536K
  class space    used 5587K, capacity 5997K, committed 6016K, reserved 1048576K
}
Event: 14.620 GC heap after
{Heap after GC invocations=31 (full 0):
 garbage-first heap   total 189440K, used 69307K [0x0000000080000000, 0x0000000100000000)
  region size 1024K, 5 young (5120K), 5 survivors (5120K)
 Metaspace       used 44147K, capacity 45227K, committed 45360K, reserved 1089536K
  class space    used 5587K, capacity 5997K, committed 6016K, reserved 1048576K
}
Event: 14.857 GC heap before
{Heap before GC invocations=31 (full 0):
 garbage-first heap   total 189440K, used 139963K [0x0000000080000000, 0x0000000100000000)
  region size 1024K, 74 young (75776K), 5 survivors (5120K)
 Metaspace       used 44192K, capacity 45227K, committed 45360K, reserved 1089536K
  class space    used 5596K, capacity 5997K, committed 6016K, reserved 1048576K
}
Event: 14.862 GC heap after
{Heap after GC invocations=32 (full 0):
 garbage-first heap   total 189440K, used 69583K [0x0000000080000000, 0x0000000100000000)
  region size 1024K, 5 young (5120K), 5 survivors (5120K)
 Metaspace       used 44192K, capacity 45227K, committed 45360K, reserved 1089536K
  class space    used 5596K, capacity 5997K, committed 6016K, reserved 1048576K
}
Event: 15.131 GC heap before
{Heap before GC invocations=32 (full 0):
 garbage-first heap   total 189440K, used 142287K [0x0000000080000000, 0x0000000100000000)
  region size 1024K, 76 young (77824K), 5 survivors (5120K)
 Metaspace       used 44198K, capacity 45227K, committed 45360K, reserved 1089536K
  class space    used 5596K, capacity 5997K, committed 6016K, reserved 1048576K
}
Event: 15.136 GC heap after
{Heap after GC invocations=33 (full 0):
 garbage-first heap   total 189440K, used 70461K [0x0000000080000000, 0x0000000100000000)
  region size 1024K, 6 young (6144K), 6 survivors (6144K)
 Metaspace       used 44198K, capacity 45227K, committed 45360K, reserved 1089536K
  class space    used 5596K, capacity 5997K, committed 6016K, reserved 1048576K
}
Event: 15.528 GC heap before
{Heap before GC invocations=33 (full 0):
 garbage-first heap   total 189440K, used 146237K [0x0000000080000000, 0x0000000100000000)
  region size 1024K, 79 young (80896K), 6 survivors (6144K)
 Metaspace       used 44198K, capacity 45227K, committed 45360K, reserved 1089536K
  class space    used 5596K, capacity 5997K, committed 6016K, reserved 1048576K
}
Event: 15.538 GC heap after
{Heap after GC invocations=34 (full 0):
 garbage-first heap   total 227328K, used 71061K [0x0000000080000000, 0x0000000100000000)
  region size 1024K, 6 young (6144K), 6 survivors (6144K)
 Metaspace       used 44198K, capacity 45227K, committed 45360K, reserved 1089536K
  class space    used 5596K, capacity 5997K, committed 6016K, reserved 1048576K
}
Event: 16.029 GC heap before
{Heap before GC invocations=34 (full 0):
 garbage-first heap   total 227328K, used 163221K [0x0000000080000000, 0x0000000100000000)
  region size 1024K, 97 young (99328K), 6 survivors (6144K)
 Metaspace       used 44207K, capacity 45291K, committed 45360K, reserved 1089536K
  class space    used 5596K, capacity 5997K, committed 6016K, reserved 1048576K
}
Event: 16.039 GC heap after
{Heap after GC invocations=35 (full 0):
 garbage-first heap   total 227328K, used 72381K [0x0000000080000000, 0x0000000100000000)
  region size 1024K, 8 young (8192K), 8 survivors (8192K)
 Metaspace       used 44207K, capacity 45291K, committed 45360K, reserved 1089536K
  class space    used 5596K, capacity 5997K, committed 6016K, reserved 1048576K
}
Event: 16.395 GC heap before
{Heap before GC invocations=35 (full 0):
 garbage-first heap   total 227328K, used 169661K [0x0000000080000000, 0x0000000100000000)
  region size 1024K, 105 young (107520K), 8 survivors (8192K)
 Metaspace       used 44208K, capacity 45291K, committed 45360K, reserved 1089536K
  class space    used 5596K, capacity 5997K, committed 6016K, reserved 1048576K
}
Event: 16.402 GC heap after
{Heap after GC invocations=36 (full 0):
 garbage-first heap   total 227328K, used 73632K [0x0000000080000000, 0x0000000100000000)
  region size 1024K, 8 young (8192K), 8 survivors (8192K)
 Metaspace       used 44208K, capacity 45291K, committed 45360K, reserved 1089536K
  class space    used 5596K, capacity 5997K, committed 6016K, reserved 1048576K
}
Event: 16.940 GC heap before
{Heap before GC invocations=36 (full 0):
 garbage-first heap   total 227328K, used 185248K [0x0000000080000000, 0x0000000100000000)
  region size 1024K, 116 young (118784K), 8 survivors (8192K)
 Metaspace       used 44208K, capacity 45291K, committed 45360K, reserved 1089536K
  class space    used 5596K, capacity 5997K, committed 6016K, reserved 1048576K
}
Event: 16.949 GC heap after
{Heap after GC invocations=37 (full 0):
 garbage-first heap   total 227328K, used 74007K [0x0000000080000000, 0x0000000100000000)
  region size 1024K, 9 young (9216K), 9 survivors (9216K)
 Metaspace       used 44208K, capacity 45291K, committed 45360K, reserved 1089536K
  class space    used 5596K, capacity 5997K, committed 6016K, reserved 1048576K
}
Event: 17.514 GC heap before
{Heap before GC invocations=37 (full 0):
 garbage-first heap   total 227328K, used 185623K [0x0000000080000000, 0x0000000100000000)
  region size 1024K, 118 young (120832K), 9 survivors (9216K)
 Metaspace       used 44208K, capacity 45291K, committed 45360K, reserved 1089536K
  class space    used 5596K, capacity 5997K, committed 6016K, reserved 1048576K
}

Deoptimization events (20 events):
Event: 17.481 Thread 0x000001b6fb114800 DEOPT PACKING pc=0x000001b6e265eee2 sp=0x00000009f49fe0c0
Event: 17.481 Thread 0x000001b6fb114800 DEOPT UNPACKING pc=0x000001b6e18ea95e sp=0x00000009f49fd740 mode 0
Event: 17.481 Thread 0x000001b6fb114800 DEOPT PACKING pc=0x000001b6e265eee2 sp=0x00000009f49fe0c0
Event: 17.482 Thread 0x000001b6fb114800 DEOPT UNPACKING pc=0x000001b6e18ea95e sp=0x00000009f49fd740 mode 0
Event: 17.483 Thread 0x000001b6fb114800 DEOPT PACKING pc=0x000001b6e265d26a sp=0x00000009f49fe0c0
Event: 17.483 Thread 0x000001b6fb114800 DEOPT UNPACKING pc=0x000001b6e18ea95e sp=0x00000009f49fd740 mode 0
Event: 17.493 Thread 0x000001b6fb112000 DEOPT PACKING pc=0x000001b6e265d26a sp=0x00000009f44fe270
Event: 17.493 Thread 0x000001b6fb112000 DEOPT UNPACKING pc=0x000001b6e18ea95e sp=0x00000009f44fd8f0 mode 0
Event: 17.495 Thread 0x000001b6fb112000 DEOPT PACKING pc=0x000001b6e265d26a sp=0x00000009f44fe270
Event: 17.495 Thread 0x000001b6fb112000 DEOPT UNPACKING pc=0x000001b6e18ea95e sp=0x00000009f44fd8f0 mode 0
Event: 17.501 Thread 0x000001b6fb114800 DEOPT PACKING pc=0x000001b6e265d26a sp=0x00000009f49fe0c0
Event: 17.501 Thread 0x000001b6fb114800 DEOPT UNPACKING pc=0x000001b6e18ea95e sp=0x00000009f49fd740 mode 0
Event: 17.507 Thread 0x000001b6fb113800 DEOPT PACKING pc=0x000001b6e265d26a sp=0x00000009f48fe2f0
Event: 17.507 Thread 0x000001b6fb113800 DEOPT UNPACKING pc=0x000001b6e18ea95e sp=0x00000009f48fd970 mode 0
Event: 17.508 Thread 0x000001b6fb113800 DEOPT PACKING pc=0x000001b6e265eee2 sp=0x00000009f48fe2f0
Event: 17.508 Thread 0x000001b6fb113800 DEOPT UNPACKING pc=0x000001b6e18ea95e sp=0x00000009f48fd970 mode 0
Event: 17.511 Thread 0x000001b6fb113000 DEOPT PACKING pc=0x000001b6e265eee2 sp=0x00000009f47fe0e0
Event: 17.511 Thread 0x000001b6fb113000 DEOPT UNPACKING pc=0x000001b6e18ea95e sp=0x00000009f47fd760 mode 0
Event: 17.513 Thread 0x000001b6fb113000 DEOPT PACKING pc=0x000001b6e265eee2 sp=0x00000009f47fe0e0
Event: 17.513 Thread 0x000001b6fb113000 DEOPT UNPACKING pc=0x000001b6e18ea95e sp=0x00000009f47fd760 mode 0

Classes redefined (0 events):
No events

Internal exceptions (20 events):
Event: 10.655 Thread 0x000001b6fa558800 Exception <a 'java/lang/ClassNotFoundException'{0x000000008792dfd0}: org/gradle/api/internal/initialization/DefaultScriptHandlerBeanInfo> (0x000000008792dfd0) thrown at [./src/hotspot/share/classfile/systemDictionary.cpp, line 231]
Event: 10.656 Thread 0x000001b6fa558800 Exception <a 'java/lang/ClassNotFoundException'{0x0000000087958420}: org/gradle/api/internal/initialization/DefaultScriptHandlerCustomizer> (0x0000000087958420) thrown at [./src/hotspot/share/classfile/systemDictionary.cpp, line 231]
Event: 10.810 Thread 0x000001b6fa558800 Exception <a 'java/lang/ClassNotFoundException'{0x000000008709cbf8}: org/gradle/api/internal/artifacts/dsl/dependencies/DefaultDependencyHandler_DecoratedBeanInfo> (0x000000008709cbf8) thrown at [./src/hotspot/share/classfile/systemDictionary.cpp, line 231]
Event: 10.811 Thread 0x000001b6fa558800 Exception <a 'java/lang/ClassNotFoundException'{0x00000000870dbe10}: org/gradle/api/internal/artifacts/dsl/dependencies/DefaultDependencyHandlerBeanInfo> (0x00000000870dbe10) thrown at [./src/hotspot/share/classfile/systemDictionary.cpp, line 231]
Event: 10.812 Thread 0x000001b6fa558800 Exception <a 'java/lang/ClassNotFoundException'{0x0000000086f1b168}: org/gradle/api/internal/artifacts/dsl/dependencies/DefaultDependencyHandlerCustomizer> (0x0000000086f1b168) thrown at [./src/hotspot/share/classfile/systemDictionary.cpp, line 231]
Event: 10.815 Thread 0x000001b6fa558800 Exception <a 'java/lang/ClassNotFoundException'{0x0000000086f84b78}: org/gradle/api/internal/artifacts/dsl/dependencies/DefaultDependencyHandler_DecoratedCustomizer> (0x0000000086f84b78) thrown at [./src/hotspot/share/classfile/systemDictionary.cpp, line 231]
Event: 10.991 Thread 0x000001b6fa558800 Exception <a 'java/lang/NoSuchMethodError'{0x00000000863c1b08}: 'int java.lang.invoke.DirectMethodHandle$Holder.invokeInterface(java.lang.Object, java.lang.Object)'> (0x00000000863c1b08) thrown at [./src/hotspot/share/interpreter/linkResolver.cpp, line 773]
Event: 10.992 Thread 0x000001b6fa558800 Exception <a 'java/lang/IncompatibleClassChangeError'{0x00000000863c55e8}: Found class java.lang.Object, but interface was expected> (0x00000000863c55e8) thrown at [./src/hotspot/share/interpreter/linkResolver.cpp, line 839]
Event: 11.163 Thread 0x000001b6fa558800 Exception <a 'java/lang/NoSuchMethodError'{0x0000000085956068}: 'int java.lang.invoke.DirectMethodHandle$Holder.invokeStaticInit(java.lang.Object)'> (0x0000000085956068) thrown at [./src/hotspot/share/interpreter/linkResolver.cpp, line 773]
Event: 11.209 Thread 0x000001b6fa558800 Exception <a 'java/lang/ClassNotFoundException'{0x00000000858f92e8}: sync_studio_tooling_9f2x0reauy5ogkrd4rt5zoj7kBeanInfo> (0x00000000858f92e8) thrown at [./src/hotspot/share/classfile/systemDictionary.cpp, line 231]
Event: 11.221 Thread 0x000001b6fa558800 Exception <a 'java/lang/ClassNotFoundException'{0x0000000087f068f0}: sync_studio_tooling_9f2x0reauy5ogkrd4rt5zoj7kCustomizer> (0x0000000087f068f0) thrown at [./src/hotspot/share/classfile/systemDictionary.cpp, line 231]
Event: 11.293 Thread 0x000001b6fa558800 Exception <a 'java/lang/ClassNotFoundException'{0x0000000087fe1a50}: ijinit_42rp4ma07mkm3doz2qjrz5b5aBeanInfo> (0x0000000087fe1a50) thrown at [./src/hotspot/share/classfile/systemDictionary.cpp, line 231]
Event: 11.294 Thread 0x000001b6fa558800 Exception <a 'java/lang/ClassNotFoundException'{0x0000000087fedd18}: ijinit_42rp4ma07mkm3doz2qjrz5b5aCustomizer> (0x0000000087fedd18) thrown at [./src/hotspot/share/classfile/systemDictionary.cpp, line 231]
Event: 11.302 Thread 0x000001b6fa558800 Exception <a 'java/lang/ClassNotFoundException'{0x0000000087e3d0c0}: ijinit_42rp4ma07mkm3doz2qjrz5b5a$_run_closure1BeanInfo> (0x0000000087e3d0c0) thrown at [./src/hotspot/share/classfile/systemDictionary.cpp, line 231]
Event: 11.302 Thread 0x000001b6fa558800 Exception <a 'java/lang/ClassNotFoundException'{0x0000000087e440d0}: ijinit_42rp4ma07mkm3doz2qjrz5b5a$_run_closure1Customizer> (0x0000000087e440d0) thrown at [./src/hotspot/share/classfile/systemDictionary.cpp, line 231]
Event: 11.577 Thread 0x000001b6fb113800 Implicit null exception at 0x000001b6e93df448 to 0x000001b6e93e0464
Event: 11.627 Thread 0x000001b6fb112000 Exception <a 'sun/nio/fs/WindowsException'{0x00000000878f95b0}> (0x00000000878f95b0) thrown at [./src/hotspot/share/prims/jni.cpp, line 616]
Event: 11.627 Thread 0x000001b6fb114800 Exception <a 'sun/nio/fs/WindowsException'{0x00000000876e0bc8}> (0x00000000876e0bc8) thrown at [./src/hotspot/share/prims/jni.cpp, line 616]
Event: 11.627 Thread 0x000001b6fb113800 Exception <a 'sun/nio/fs/WindowsException'{0x00000000870c53d8}> (0x00000000870c53d8) thrown at [./src/hotspot/share/prims/jni.cpp, line 616]
Event: 11.662 Thread 0x000001b6fb113000 Exception <a 'sun/nio/fs/WindowsException'{0x00000000868f4e18}> (0x00000000868f4e18) thrown at [./src/hotspot/share/prims/jni.cpp, line 616]

Events (20 events):
Event: 14.830 loading class com/google/common/collect/Lists$TransformingSequentialList$1 done
Event: 14.830 loading class com/google/common/collect/TransformedListIterator
Event: 14.830 loading class com/google/common/collect/TransformedListIterator done
Event: 14.831 loading class com/google/common/collect/TransformedIterator
Event: 14.831 loading class com/google/common/collect/TransformedIterator done
Event: 14.857 Executing VM operation: G1CollectForAllocation
Event: 14.862 Executing VM operation: G1CollectForAllocation done
Event: 15.131 Executing VM operation: G1CollectForAllocation
Event: 15.136 Executing VM operation: G1CollectForAllocation done
Event: 15.526 Executing VM operation: G1CollectForAllocation
Event: 15.538 Executing VM operation: G1CollectForAllocation done
Event: 16.028 Executing VM operation: G1CollectForAllocation
Event: 16.039 Executing VM operation: G1CollectForAllocation done
Event: 16.392 Executing VM operation: G1CollectForAllocation
Event: 16.393 Executing VM operation: G1CollectForAllocation done
Event: 16.394 Executing VM operation: G1CollectForAllocation
Event: 16.402 Executing VM operation: G1CollectForAllocation done
Event: 16.938 Executing VM operation: G1CollectForAllocation
Event: 16.949 Executing VM operation: G1CollectForAllocation done
Event: 17.514 Executing VM operation: G1CollectForAllocation


Dynamic libraries:
0x00007ff6b6e80000 - 0x00007ff6b6e8a000 	C:\Program Files\Android\Android Studio\jre\bin\java.exe
0x00007ff889230000 - 0x00007ff889428000 	C:\WINDOWS\SYSTEM32\ntdll.dll
0x00007ff887b20000 - 0x00007ff887bdf000 	C:\WINDOWS\System32\KERNEL32.DLL
0x00007ff886960000 - 0x00007ff886c56000 	C:\WINDOWS\System32\KERNELBASE.dll
0x00007ff886fb0000 - 0x00007ff8870b0000 	C:\WINDOWS\System32\ucrtbase.dll
0x00007ff87bec0000 - 0x00007ff87bed7000 	C:\Program Files\Android\Android Studio\jre\bin\VCRUNTIME140.dll
0x00007ff873630000 - 0x00007ff873649000 	C:\Program Files\Android\Android Studio\jre\bin\jli.dll
0x00007ff887d70000 - 0x00007ff887f0d000 	C:\WINDOWS\System32\USER32.dll
0x00007ff886c60000 - 0x00007ff886c82000 	C:\WINDOWS\System32\win32u.dll
0x00007ff8742b0000 - 0x00007ff87454a000 	C:\WINDOWS\WinSxS\amd64_microsoft.windows.common-controls_6595b64144ccf1df_6.0.19041.1110_none_60b5254171f9507e\COMCTL32.dll
0x00007ff887290000 - 0x00007ff8872bc000 	C:\WINDOWS\System32\GDI32.dll
0x00007ff887f10000 - 0x00007ff887fae000 	C:\WINDOWS\System32\msvcrt.dll
0x00007ff886c90000 - 0x00007ff886da5000 	C:\WINDOWS\System32\gdi32full.dll
0x00007ff886db0000 - 0x00007ff886e4d000 	C:\WINDOWS\System32\msvcp_win.dll
0x00007ff8879d0000 - 0x00007ff887a00000 	C:\WINDOWS\System32\IMM32.DLL
0x00007ff8694a0000 - 0x00007ff86953d000 	C:\Program Files\Android\Android Studio\jre\bin\msvcp140.dll
0x00007ff843370000 - 0x00007ff843e72000 	C:\Program Files\Android\Android Studio\jre\bin\server\jvm.dll
0x00007ff887850000 - 0x00007ff8878ff000 	C:\WINDOWS\System32\ADVAPI32.dll
0x00007ff889150000 - 0x00007ff8891ec000 	C:\WINDOWS\System32\sechost.dll
0x00007ff887c40000 - 0x00007ff887d66000 	C:\WINDOWS\System32\RPCRT4.dll
0x00007ff887430000 - 0x00007ff887438000 	C:\WINDOWS\System32\PSAPI.DLL
0x00007ff872a90000 - 0x00007ff872ab7000 	C:\WINDOWS\SYSTEM32\WINMM.dll
0x00007ff86e350000 - 0x00007ff86e359000 	C:\WINDOWS\SYSTEM32\WSOCK32.dll
0x00007ff87bff0000 - 0x00007ff87bffa000 	C:\WINDOWS\SYSTEM32\VERSION.dll
0x00007ff888010000 - 0x00007ff88807b000 	C:\WINDOWS\System32\WS2_32.dll
0x00007ff8847b0000 - 0x00007ff8847c2000 	C:\WINDOWS\SYSTEM32\kernel.appcore.dll
0x00007ff87fc90000 - 0x00007ff87fca1000 	C:\Program Files\Android\Android Studio\jre\bin\verify.dll
0x00007ff872f40000 - 0x00007ff873124000 	C:\WINDOWS\SYSTEM32\DBGHELP.DLL
0x00007ff86ab40000 - 0x00007ff86ab74000 	C:\WINDOWS\SYSTEM32\dbgcore.DLL
0x00007ff887160000 - 0x00007ff8871e2000 	C:\WINDOWS\System32\bcryptPrimitives.dll
0x00007ff871c80000 - 0x00007ff871ca9000 	C:\Program Files\Android\Android Studio\jre\bin\java.dll
0x00007ff881be0000 - 0x00007ff881beb000 	C:\Program Files\Android\Android Studio\jre\bin\jimage.dll
0x00007ff87fae0000 - 0x00007ff87faf8000 	C:\Program Files\Android\Android Studio\jre\bin\zip.dll
0x00007ff8888d0000 - 0x00007ff889014000 	C:\WINDOWS\System32\SHELL32.dll
0x00007ff8849b0000 - 0x00007ff885143000 	C:\WINDOWS\SYSTEM32\windows.storage.dll
0x00007ff887440000 - 0x00007ff887794000 	C:\WINDOWS\System32\combase.dll
0x00007ff886280000 - 0x00007ff8862ae000 	C:\WINDOWS\SYSTEM32\Wldp.dll
0x00007ff8887a0000 - 0x00007ff88884d000 	C:\WINDOWS\System32\SHCORE.dll
0x00007ff887fb0000 - 0x00007ff888005000 	C:\WINDOWS\System32\shlwapi.dll
0x00007ff886840000 - 0x00007ff886865000 	C:\WINDOWS\SYSTEM32\profapi.dll
0x00007ff8736d0000 - 0x00007ff8736ea000 	C:\Program Files\Android\Android Studio\jre\bin\net.dll
0x00007ff876450000 - 0x00007ff87655a000 	C:\WINDOWS\SYSTEM32\WINHTTP.dll
0x00007ff885fe0000 - 0x00007ff88604a000 	C:\WINDOWS\system32\mswsock.dll
0x00007ff873650000 - 0x00007ff873664000 	C:\Program Files\Android\Android Studio\jre\bin\nio.dll
0x00007ff872e90000 - 0x00007ff872eb7000 	C:\Users\A.U Computer\.gradle\native\e1d6ef7f7dcc3fd88c89a11ec53ec762bb8ba0a96d01ffa2cd45eb1d1d8dd5c5\windows-amd64\native-platform.dll
0x00007ff84bb70000 - 0x00007ff84bcb4000 	C:\Users\A.U Computer\.gradle\native\0d407fdbe67a94daf76414ababcb853783967236a71b16ec16e742cd7a986fd3\windows-amd64\native-platform-file-events.dll
0x00007ff87fb10000 - 0x00007ff87fb1a000 	C:\Program Files\Android\Android Studio\jre\bin\management.dll
0x00007ff87c000000 - 0x00007ff87c00d000 	C:\Program Files\Android\Android Studio\jre\bin\management_ext.dll
0x00007ff8861d0000 - 0x00007ff8861e8000 	C:\WINDOWS\SYSTEM32\CRYPTSP.dll
0x00007ff8858f0000 - 0x00007ff885924000 	C:\WINDOWS\system32\rsaenh.dll
0x00007ff8871f0000 - 0x00007ff887217000 	C:\WINDOWS\System32\bcrypt.dll
0x00007ff8867c0000 - 0x00007ff8867ee000 	C:\WINDOWS\SYSTEM32\USERENV.dll
0x00007ff8861f0000 - 0x00007ff8861fc000 	C:\WINDOWS\SYSTEM32\CRYPTBASE.dll
0x00007ff885cd0000 - 0x00007ff885d0b000 	C:\WINDOWS\SYSTEM32\IPHLPAPI.DLL
0x00007ff8882f0000 - 0x00007ff8882f8000 	C:\WINDOWS\System32\NSI.dll
0x00007ff87b970000 - 0x00007ff87b987000 	C:\WINDOWS\SYSTEM32\dhcpcsvc6.DLL
0x00007ff87c100000 - 0x00007ff87c11d000 	C:\WINDOWS\SYSTEM32\dhcpcsvc.DLL
0x00007ff885d10000 - 0x00007ff885dda000 	C:\WINDOWS\SYSTEM32\DNSAPI.dll

dbghelp: loaded successfully - version: 4.0.5 - missing functions: none
symbol engine: initialized successfully - sym options: 0x614 - pdb path: .;C:\Program Files\Android\Android Studio\jre\bin;C:\WINDOWS\SYSTEM32;C:\WINDOWS\WinSxS\amd64_microsoft.windows.common-controls_6595b64144ccf1df_6.0.19041.1110_none_60b5254171f9507e;C:\Program Files\Android\Android Studio\jre\bin\server;C:\Users\A.U Computer\.gradle\native\e1d6ef7f7dcc3fd88c89a11ec53ec762bb8ba0a96d01ffa2cd45eb1d1d8dd5c5\windows-amd64;C:\Users\A.U Computer\.gradle\native\0d407fdbe67a94daf76414ababcb853783967236a71b16ec16e742cd7a986fd3\windows-amd64

VM Arguments:
jvm_args: --add-opens=java.base/java.util=ALL-UNNAMED --add-opens=java.base/java.lang=ALL-UNNAMED --add-opens=java.base/java.lang.invoke=ALL-UNNAMED --add-opens=java.base/java.util=ALL-UNNAMED --add-opens=java.prefs/java.util.prefs=ALL-UNNAMED --add-opens=java.prefs/java.util.prefs=ALL-UNNAMED --add-opens=java.base/java.nio.charset=ALL-UNNAMED --add-opens=java.base/java.net=ALL-UNNAMED --add-opens=java.base/java.util.concurrent.atomic=ALL-UNNAMED -Xmx2048m -Dfile.encoding=UTF-8 -Duser.country=US -Duser.language=en -Duser.variant 
java_command: org.gradle.launcher.daemon.bootstrap.GradleDaemon 7.4
java_class_path (initial): C:\Users\A.U Computer\.gradle\wrapper\dists\gradle-7.4-bin\c0gwcg53nkjbqw7r0h0umtfvt\gradle-7.4\lib\gradle-launcher-7.4.jar
Launcher Type: SUN_STANDARD

[Global flags]
     intx CICompilerCount                          = 3                                         {product} {ergonomic}
     uint ConcGCThreads                            = 1                                         {product} {ergonomic}
     uint G1ConcRefinementThreads                  = 4                                         {product} {ergonomic}
   size_t G1HeapRegionSize                         = 1048576                                   {product} {ergonomic}
    uintx GCDrainStackTargetSize                   = 64                                        {product} {ergonomic}
   size_t InitialHeapSize                          = 134217728                                 {product} {ergonomic}
   size_t MarkStackSize                            = 4194304                                   {product} {ergonomic}
   size_t MaxHeapSize                              = 2147483648                                {product} {command line}
   size_t MaxNewSize                               = 1287651328                                {product} {ergonomic}
   size_t MinHeapDeltaBytes                        = 1048576                                   {product} {ergonomic}
    uintx NonNMethodCodeHeapSize                   = 5830732                                {pd product} {ergonomic}
    uintx NonProfiledCodeHeapSize                  = 122913754                              {pd product} {ergonomic}
    uintx ProfiledCodeHeapSize                     = 122913754                              {pd product} {ergonomic}
    uintx ReservedCodeCacheSize                    = 251658240                              {pd product} {ergonomic}
     bool SegmentedCodeCache                       = true                                      {product} {ergonomic}
     bool UseCompressedClassPointers               = true                                 {lp64_product} {ergonomic}
     bool UseCompressedOops                        = true                                 {lp64_product} {ergonomic}
     bool UseG1GC                                  = true                                      {product} {ergonomic}
     bool UseLargePagesIndividualAllocation        = false                                  {pd product} {ergonomic}

Logging:
Log output configuration:
 #0: stdout all=warning uptime,level,tags
 #1: stderr all=off uptime,level,tags

Environment Variables:
JAVA_HOME=C:\Program Files\openjdk\openjdk-11.0.16_8
PATH=C:\WINDOWS\system32;C:\WINDOWS;C:\WINDOWS\System32\Wbem;C:\WINDOWS\System32\WindowsPowerShell\v1.0\;C:\WINDOWS\System32\OpenSSH\;C:\Users\A.U Computer\AppData\Roaming\nvm;C:\Program Files\nodejs;C:\ProgramData\chocolatey\bin;C:\Program Files\Git\cmd;C:\Program Files\openjdk\openjdk-11.0.16_8\bin;C:\Users\A.U Computer\AppData\Local\Microsoft\WindowsApps;C:\Users\A.U Computer\AppData\Local\Programs\Microsoft VS Code\bin;C:\Users\A.U Computer\AppData\Roaming\npm;C:\Users\A.U Computer\AppData\Roaming\nvm;C:\Program Files\nodejs;C:\Users\A.U Computer\AppData\Local\Android\Sdk\platform-tools;
USERNAME=A.U Computer
OS=Windows_NT
PROCESSOR_IDENTIFIER=Intel64 Family 6 Model 78 Stepping 3, GenuineIntel



---------------  S Y S T E M  ---------------

OS: Windows 10 , 64 bit Build 19041 (10.0.19041.3155)
OS uptime: 0 days 13:07 hours

CPU:total 4 (initial active 4) (2 cores per cpu, 2 threads per core) family 6 model 78 stepping 3 microcode 0xcc, cmov, cx8, fxsr, mmx, sse, sse2, sse3, ssse3, sse4.1, sse4.2, popcnt, avx, avx2, aes, clmul, erms, rtm, 3dnowpref, lzcnt, ht, tsc, tscinvbit, bmi1, bmi2, adx, fma

Memory: 4k page, system-wide physical 8074M (351M free)
TotalPageFile size 10074M (AvailPageFile size 25M)
current process WorkingSet (physical memory assigned to process): 397M, peak: 402M
current process commit charge ("private bytes"): 456M, peak: 504M

vm_info: OpenJDK 64-Bit Server VM (11.0.13+0-b1751.21-8125866) for windows-amd64 JRE (11.0.13+0-b1751.21-8125866), built on Feb  2 2022 03:00:22 by "builder" with MS VC++ 14.0 (VS2015)

END.
